

Microchip Technology PIC LITE Macro Assembler V1.35 build -356382666 
                                                                                               Wed Dec 23 17:53:21 2015

Microchip Technology Omniscient Code Generator v1.35 (Free mode) build 201507080246
     1                           	processor	16F877A
     2                           	opt	pw 120
     3                           	opt	lm
     4                           	psect	idataBANK0,global,class=CODE,delta=2
     5                           	psect	cinit,global,class=CODE,merge=1,delta=2
     6                           	psect	dataBANK0,global,class=BANK0,space=1,delta=1
     7                           	psect	inittext,global,class=CODE,delta=2
     8                           	psect	cstackCOMMON,global,class=COMMON,space=1,delta=1
     9                           	psect	cstackBANK0,global,class=BANK0,space=1,delta=1
    10                           	psect	maintext,global,class=CODE,split=1,delta=2
    11                           	psect	text1,local,class=CODE,merge=1,delta=2
    12                           	psect	text2,local,class=CODE,merge=1,delta=2
    13                           	psect	text3,local,class=CODE,merge=1,delta=2
    14                           	psect	text4,local,class=CODE,merge=1,delta=2
    15                           	psect	text5,local,class=CODE,merge=1,delta=2
    16                           	psect	text6,local,class=CODE,merge=1,delta=2
    17                           	psect	intentry,global,class=CODE,delta=2
    18                           	psect	text7,local,class=CODE,merge=1,delta=2
    19                           	psect	text8,local,class=CODE,merge=1,delta=2
    20                           	dabs	1,0x7E,2
    21  0000                     	;# 
    22  0001                     	;# 
    23  0002                     	;# 
    24  0003                     	;# 
    25  0004                     	;# 
    26  0005                     	;# 
    27  0006                     	;# 
    28  0007                     	;# 
    29  0008                     	;# 
    30  0009                     	;# 
    31  000A                     	;# 
    32  000B                     	;# 
    33  000C                     	;# 
    34  000D                     	;# 
    35  000E                     	;# 
    36  000E                     	;# 
    37  000F                     	;# 
    38  0010                     	;# 
    39  0011                     	;# 
    40  0012                     	;# 
    41  0013                     	;# 
    42  0014                     	;# 
    43  0015                     	;# 
    44  0015                     	;# 
    45  0016                     	;# 
    46  0017                     	;# 
    47  0018                     	;# 
    48  0019                     	;# 
    49  001A                     	;# 
    50  001B                     	;# 
    51  001B                     	;# 
    52  001C                     	;# 
    53  001D                     	;# 
    54  001E                     	;# 
    55  001F                     	;# 
    56  0081                     	;# 
    57  0085                     	;# 
    58  0086                     	;# 
    59  0087                     	;# 
    60  0088                     	;# 
    61  0089                     	;# 
    62  008C                     	;# 
    63  008D                     	;# 
    64  008E                     	;# 
    65  0091                     	;# 
    66  0092                     	;# 
    67  0093                     	;# 
    68  0094                     	;# 
    69  0098                     	;# 
    70  0099                     	;# 
    71  009C                     	;# 
    72  009D                     	;# 
    73  009E                     	;# 
    74  009F                     	;# 
    75  010C                     	;# 
    76  010D                     	;# 
    77  010E                     	;# 
    78  010F                     	;# 
    79  018C                     	;# 
    80  018D                     	;# 
    81  0000                     	;# 
    82  0001                     	;# 
    83  0002                     	;# 
    84  0003                     	;# 
    85  0004                     	;# 
    86  0005                     	;# 
    87  0006                     	;# 
    88  0007                     	;# 
    89  0008                     	;# 
    90  0009                     	;# 
    91  000A                     	;# 
    92  000B                     	;# 
    93  000C                     	;# 
    94  000D                     	;# 
    95  000E                     	;# 
    96  000E                     	;# 
    97  000F                     	;# 
    98  0010                     	;# 
    99  0011                     	;# 
   100  0012                     	;# 
   101  0013                     	;# 
   102  0014                     	;# 
   103  0015                     	;# 
   104  0015                     	;# 
   105  0016                     	;# 
   106  0017                     	;# 
   107  0018                     	;# 
   108  0019                     	;# 
   109  001A                     	;# 
   110  001B                     	;# 
   111  001B                     	;# 
   112  001C                     	;# 
   113  001D                     	;# 
   114  001E                     	;# 
   115  001F                     	;# 
   116  0081                     	;# 
   117  0085                     	;# 
   118  0086                     	;# 
   119  0087                     	;# 
   120  0088                     	;# 
   121  0089                     	;# 
   122  008C                     	;# 
   123  008D                     	;# 
   124  008E                     	;# 
   125  0091                     	;# 
   126  0092                     	;# 
   127  0093                     	;# 
   128  0094                     	;# 
   129  0098                     	;# 
   130  0099                     	;# 
   131  009C                     	;# 
   132  009D                     	;# 
   133  009E                     	;# 
   134  009F                     	;# 
   135  010C                     	;# 
   136  010D                     	;# 
   137  010E                     	;# 
   138  010F                     	;# 
   139  018C                     	;# 
   140  018D                     	;# 
   141                           
   142                           	psect	idataBANK0
   143  00FA                     __pidataBANK0:	
   144                           
   145                           ;initializer for main@F1178
   146  00FA  3454               	retlw	84
   147  00FB  3468               	retlw	104
   148  00FC  3469               	retlw	105
   149  00FD  3473               	retlw	115
   150  00FE  3420               	retlw	32
   151  00FF  3469               	retlw	105
   152  0100  3473               	retlw	115
   153  0101  3420               	retlw	32
   154  0102  3466               	retlw	102
   155  0103  3461               	retlw	97
   156  0104  3462               	retlw	98
   157  0105  3473               	retlw	115
   158  0106  3461               	retlw	97
   159  0107  3474               	retlw	116
   160  0108  3400               	retlw	0
   161                           
   162                           ;initializer for main@F1176
   163  0109  3448               	retlw	72
   164  010A  3465               	retlw	101
   165  010B  346C               	retlw	108
   166  010C  346C               	retlw	108
   167  010D  346F               	retlw	111
   168  010E  3420               	retlw	32
   169  010F  3477               	retlw	119
   170  0110  346F               	retlw	111
   171  0111  3472               	retlw	114
   172  0112  346C               	retlw	108
   173  0113  3464               	retlw	100
   174  0114  3421               	retlw	33
   175  0115  3400               	retlw	0
   176  000B                     _INTCON	set	11
   177  000B                     _INTCONbits	set	11
   178  000C                     _PIR1bits	set	12
   179  0013                     _SSPBUF	set	19
   180  0010                     _T1CONbits	set	16
   181  00A4                     _CKP	set	164
   182  0028                     _RA0	set	40
   183  0029                     _RA1	set	41
   184  002A                     _RA2	set	42
   185  00A5                     _SSPEN	set	165
   186  0063                     _SSPIF	set	99
   187  00A0                     _SSPM0	set	160
   188  00A1                     _SSPM1	set	161
   189  00A2                     _SSPM2	set	162
   190  00A3                     _SSPM3	set	163
   191  009F                     _ADCON1	set	159
   192  008C                     _PIE1bits	set	140
   193  0085                     _TRISA	set	133
   194  0086                     _TRISB	set	134
   195  04A0                     _BF	set	1184
   196  04A6                     _CKE	set	1190
   197  04A7                     _SMP	set	1191
   198  0429                     _TRISA1	set	1065
   199  043B                     _TRISC3	set	1083
   200  043C                     _TRISC4	set	1084
   201  043D                     _TRISC5	set	1085
   202  040F                     _nRBPU	set	1039
   203                           
   204                           ; #config settings
   205  0000                     
   206                           	psect	cinit
   207  0015                     start_initialization:	
   208  0015                     __initialization:	
   209                           
   210                           ; Initialize objects allocated to BANK0
   211  0015  1383               	bcf	3,7	;select IRP bank0
   212  0016  3061               	movlw	low (__pdataBANK0+28)
   213  0017  00FD               	movwf	btemp+-1
   214  0018  3000               	movlw	high __pidataBANK0
   215  0019  00FE               	movwf	btemp
   216  001A  30FA               	movlw	low __pidataBANK0
   217  001B  00FF               	movwf	btemp+1
   218  001C  3045               	movlw	low __pdataBANK0
   219  001D  0084               	movwf	4
   220  001E  120A  118A  214D   	fcall	init_ram0
   221  0021                     end_of_initialization:	
   222                           ;End of C runtime variable initialization code
   223                           
   224  0021                     __end_of__initialization:	
   225  0021  0183               	clrf	3
   226  0022  120A  118A  2825   	ljmp	_main	;jump to C main() function
   227                           
   228                           	psect	dataBANK0
   229  0045                     __pdataBANK0:	
   230  0045                     main@F1178:	
   231  0045                     	ds	15
   232  0054                     main@F1176:	
   233  0054                     	ds	13
   234                           
   235                           	psect	inittext
   236  0149                     init_fetch0:	
   237                           ;	Called with low address in FSR and high address in W
   238                           
   239  0149  087E               	movf	126,w
   240  014A  008A               	movwf	10
   241  014B  087F               	movf	127,w
   242  014C  0082               	movwf	2
   243  014D                     init_ram0:	
   244                           ;Called with:
   245                           ;	high address of idata address in btemp 
   246                           ;	low address of idata address in btemp+1 
   247                           ;	low address of data in FSR
   248                           ;	high address + 1 of data in btemp-1
   249                           
   250  014D  2149  120A  118A   	fcall	init_fetch0
   251  0150  0080               	movwf	0
   252  0151  0A84               	incf	4,f
   253  0152  0804               	movf	4,w
   254  0153  067D               	xorwf	125,w
   255  0154  1903               	btfsc	3,2
   256  0155  3400               	retlw	0
   257  0156  0AFF               	incf	127,f
   258  0157  1903               	btfsc	3,2
   259  0158  0AFE               	incf	126,f
   260  0159  294D               	goto	init_ram0
   261                           
   262                           	psect	cstackCOMMON
   263  0070                     __pcstackCOMMON:	
   264  0070                     ?_timer_off:	
   265  0070                     ?_spi_init:	
   266                           ; 0 bytes @ 0x0
   267                           
   268  0070                     ?_spi_reset:	
   269                           ; 0 bytes @ 0x0
   270                           
   271  0070                     ??_spi_reset:	
   272                           ; 0 bytes @ 0x0
   273                           
   274  0070                     ?_isr:	
   275                           ; 0 bytes @ 0x0
   276                           
   277  0070                     ?_timer_on:	
   278                           ; 0 bytes @ 0x0
   279                           
   280  0070                     ?_spi_transmit:	
   281                           ; 0 bytes @ 0x0
   282                           
   283  0070                     ?_data_transmint:	
   284                           ; 0 bytes @ 0x0
   285                           
   286  0070                     ?_main:	
   287                           ; 0 bytes @ 0x0
   288                           
   289  0070                     ?i1_timer_off:	
   290                           ; 0 bytes @ 0x0
   291                           
   292  0070                     ??i1_timer_off:	
   293                           ; 0 bytes @ 0x0
   294                           
   295                           
   296                           ; 0 bytes @ 0x0
   297  0070                     	ds	1
   298  0071                     spi_reset@dummy:	
   299                           
   300                           ; 1 bytes @ 0x1
   301  0071                     	ds	1
   302  0072                     ??_isr:	
   303                           
   304                           ; 0 bytes @ 0x2
   305  0072                     	ds	4
   306  0076                     ??_timer_off:	
   307  0076                     ??_spi_init:	
   308                           ; 0 bytes @ 0x6
   309                           
   310  0076                     ??_timer_on:	
   311                           ; 0 bytes @ 0x6
   312                           
   313  0076                     ??_spi_transmit:	
   314                           ; 0 bytes @ 0x6
   315                           
   316                           
   317                           ; 0 bytes @ 0x6
   318  0076                     	ds	1
   319  0077                     ??_data_transmint:	
   320                           
   321                           ; 0 bytes @ 0x7
   322  0077                     	ds	1
   323                           
   324                           	psect	cstackBANK0
   325  0020                     __pcstackBANK0:	
   326  0020                     spi_transmit@dummy:	
   327                           
   328                           ; 1 bytes @ 0x0
   329  0020                     	ds	1
   330  0021                     spi_transmit@data:	
   331                           
   332                           ; 1 bytes @ 0x1
   333  0021                     	ds	1
   334  0022                     data_transmint@i:	
   335                           
   336                           ; 2 bytes @ 0x2
   337  0022                     	ds	2
   338  0024                     data_transmint@data:	
   339                           
   340                           ; 1 bytes @ 0x4
   341  0024                     	ds	1
   342  0025                     ??_main:	
   343                           
   344                           ; 0 bytes @ 0x5
   345  0025                     	ds	4
   346  0029                     main@t:	
   347                           
   348                           ; 15 bytes @ 0x9
   349  0029                     	ds	15
   350  0038                     main@w:	
   351                           
   352                           ; 13 bytes @ 0x18
   353  0038                     	ds	13
   354                           
   355                           	psect	maintext
   356  0025                     __pmaintext:	
   357 ;;
   358 ;;Main: autosize = 0, tempsize = 4, incstack = 0, save=0
   359 ;;
   360 ;; *************** function _main *****************
   361 ;; Defined at:
   362 ;;		line 34 in file "main_mas.c"
   363 ;; Parameters:    Size  Location     Type
   364 ;;		None
   365 ;; Auto vars:     Size  Location     Type
   366 ;;  t              15    9[BANK0 ] unsigned char [15]
   367 ;;  w              13   24[BANK0 ] unsigned char [13]
   368 ;; Return value:  Size  Location     Type
   369 ;;		None               void
   370 ;; Registers used:
   371 ;;		wreg, fsr0l, fsr0h, status,2, status,0, pclath, cstack
   372 ;; Tracked objects:
   373 ;;		On entry : B00/0
   374 ;;		On exit  : 0/0
   375 ;;		Unchanged: 0/0
   376 ;; Data sizes:     COMMON   BANK0   BANK1   BANK3   BANK2
   377 ;;      Params:         0       0       0       0       0
   378 ;;      Locals:         0      28       0       0       0
   379 ;;      Temps:          0       4       0       0       0
   380 ;;      Totals:         0      32       0       0       0
   381 ;;Total ram usage:       32 bytes
   382 ;; Hardware stack levels required when called:    5
   383 ;; This function calls:
   384 ;;		_data_transmint
   385 ;;		_spi_init
   386 ;; This function is called by:
   387 ;;		Startup code after reset
   388 ;; This function uses a non-reentrant model
   389 ;;
   390                           
   391                           
   392                           ;psect for function _main
   393  0025                     _main:	
   394                           
   395                           ;main_mas.c: 36: spi_init();
   396                           
   397                           ;incstack = 0
   398                           ; Regs used in _main: [wreg-fsr0h+status,2+status,0+pclath+cstack]
   399  0025  120A  118A  20D5  120A  118A  	fcall	_spi_init
   400                           
   401                           ;main_mas.c: 37: TRISA = 0b00000000;
   402  002A  1683               	bsf	3,5	;RP0=1, select bank1
   403  002B  1303               	bcf	3,6	;RP1=0, select bank1
   404  002C  0185               	clrf	5	;volatile
   405                           
   406                           ;main_mas.c: 38: TRISA1 = 1;
   407  002D  1485               	bsf	5,1	;volatile
   408                           
   409                           ;main_mas.c: 39: RA2 = 1;
   410  002E  1283               	bcf	3,5	;RP0=0, select bank0
   411  002F  1303               	bcf	3,6	;RP1=0, select bank0
   412  0030  1505               	bsf	5,2	;volatile
   413                           
   414                           ;main_mas.c: 42: RA0 = 1;
   415  0031  1405               	bsf	5,0	;volatile
   416                           
   417                           ;main_mas.c: 43: _delay((unsigned long)((1000)*(20000000/4000.0)));
   418  0032  301A               	movlw	26
   419  0033  00A7               	movwf	??_main+2
   420  0034  305E               	movlw	94
   421  0035  00A6               	movwf	??_main+1
   422  0036  3086               	movlw	134
   423  0037  00A5               	movwf	??_main
   424  0038                     u127:	
   425  0038  0BA5               	decfsz	??_main,f
   426  0039  2838               	goto	u127
   427  003A  0BA6               	decfsz	??_main+1,f
   428  003B  2838               	goto	u127
   429  003C  0BA7               	decfsz	??_main+2,f
   430  003D  2838               	goto	u127
   431  003E  0000               	nop
   432                           
   433                           ;main_mas.c: 44: RA0 = 0;
   434  003F  1283               	bcf	3,5	;RP0=0, select bank0
   435  0040  1303               	bcf	3,6	;RP1=0, select bank0
   436  0041  1005               	bcf	5,0	;volatile
   437                           
   438                           ;main_mas.c: 45: _delay((unsigned long)((1000)*(20000000/4000.0)));
   439  0042  301A               	movlw	26
   440  0043  00A7               	movwf	??_main+2
   441  0044  305E               	movlw	94
   442  0045  00A6               	movwf	??_main+1
   443  0046  3086               	movlw	134
   444  0047  00A5               	movwf	??_main
   445  0048                     u137:	
   446  0048  0BA5               	decfsz	??_main,f
   447  0049  2848               	goto	u137
   448  004A  0BA6               	decfsz	??_main+1,f
   449  004B  2848               	goto	u137
   450  004C  0BA7               	decfsz	??_main+2,f
   451  004D  2848               	goto	u137
   452  004E  0000               	nop
   453  004F                     l761:	
   454                           ;main_mas.c: 48: while(1){
   455                           
   456                           
   457                           ;main_mas.c: 51: char w[] ="Hello world!";
   458  004F  3038               	movlw	main@w& (0+255)
   459  0050  0084               	movwf	4
   460  0051  3054               	movlw	low main@F1176
   461  0052  1283               	bcf	3,5	;RP0=0, select bank0
   462  0053  1303               	bcf	3,6	;RP1=0, select bank0
   463  0054  00A5               	movwf	??_main
   464  0055  0804               	movf	4,w
   465  0056  00A6               	movwf	??_main+1
   466  0057  300D               	movlw	13
   467  0058  00A7               	movwf	??_main+2
   468  0059                     u100:	
   469  0059  0825               	movf	??_main,w
   470  005A  0084               	movwf	4
   471  005B  1383               	bcf	3,7	;select IRP bank0
   472  005C  0800               	movf	0,w
   473  005D  00A8               	movwf	??_main+3
   474  005E  0AA5               	incf	??_main,f
   475  005F  0826               	movf	??_main+1,w
   476  0060  0084               	movwf	4
   477  0061  0828               	movf	??_main+3,w
   478  0062  0080               	movwf	0
   479  0063  0AA6               	incf	??_main+1,f
   480  0064  0BA7               	decfsz	??_main+2,f
   481  0065  2859               	goto	u100
   482                           
   483                           ;main_mas.c: 52: char t[] ="This is fabsat";
   484  0066  3029               	movlw	main@t& (0+255)
   485  0067  0084               	movwf	4
   486  0068  3045               	movlw	low main@F1178
   487  0069  00A5               	movwf	??_main
   488  006A  0804               	movf	4,w
   489  006B  00A6               	movwf	??_main+1
   490  006C  300F               	movlw	15
   491  006D  00A7               	movwf	??_main+2
   492  006E                     u110:	
   493  006E  0825               	movf	??_main,w
   494  006F  0084               	movwf	4
   495  0070  1383               	bcf	3,7	;select IRP bank0
   496  0071  0800               	movf	0,w
   497  0072  00A8               	movwf	??_main+3
   498  0073  0AA5               	incf	??_main,f
   499  0074  0826               	movf	??_main+1,w
   500  0075  0084               	movwf	4
   501  0076  0828               	movf	??_main+3,w
   502  0077  0080               	movwf	0
   503  0078  0AA6               	incf	??_main+1,f
   504  0079  0BA7               	decfsz	??_main+2,f
   505  007A  286E               	goto	u110
   506                           
   507                           ;main_mas.c: 55: RA2 = 1;
   508  007B  1505               	bsf	5,2	;volatile
   509                           
   510                           ;main_mas.c: 56: data_transmint(w);
   511  007C  3038               	movlw	(low (main@w| 0))& (0+255)
   512  007D  120A  118A  20AA  120A  118A  	fcall	_data_transmint
   513                           
   514                           ;main_mas.c: 57: _delay((unsigned long)((40)*(20000000/4000.0)));
   515  0082  3002               	movlw	2
   516  0083  1283               	bcf	3,5	;RP0=0, select bank0
   517  0084  1303               	bcf	3,6	;RP1=0, select bank0
   518  0085  00A7               	movwf	??_main+2
   519  0086  3004               	movlw	4
   520  0087  00A6               	movwf	??_main+1
   521  0088  30BA               	movlw	186
   522  0089  00A5               	movwf	??_main
   523  008A                     u147:	
   524  008A  0BA5               	decfsz	??_main,f
   525  008B  288A               	goto	u147
   526  008C  0BA6               	decfsz	??_main+1,f
   527  008D  288A               	goto	u147
   528  008E  0BA7               	decfsz	??_main+2,f
   529  008F  288A               	goto	u147
   530  0090  0000               	nop
   531                           
   532                           ;main_mas.c: 58: RA2 = 1;
   533  0091  1283               	bcf	3,5	;RP0=0, select bank0
   534  0092  1303               	bcf	3,6	;RP1=0, select bank0
   535  0093  1505               	bsf	5,2	;volatile
   536                           
   537                           ;main_mas.c: 59: data_transmint(t);
   538  0094  3029               	movlw	(low (main@t| 0))& (0+255)
   539  0095  120A  118A  20AA  120A  118A  	fcall	_data_transmint
   540                           
   541                           ;main_mas.c: 60: _delay((unsigned long)((40)*(20000000/4000.0)));
   542  009A  3002               	movlw	2
   543  009B  1283               	bcf	3,5	;RP0=0, select bank0
   544  009C  1303               	bcf	3,6	;RP1=0, select bank0
   545  009D  00A7               	movwf	??_main+2
   546  009E  3004               	movlw	4
   547  009F  00A6               	movwf	??_main+1
   548  00A0  30BA               	movlw	186
   549  00A1  00A5               	movwf	??_main
   550  00A2                     u157:	
   551  00A2  0BA5               	decfsz	??_main,f
   552  00A3  28A2               	goto	u157
   553  00A4  0BA6               	decfsz	??_main+1,f
   554  00A5  28A2               	goto	u157
   555  00A6  0BA7               	decfsz	??_main+2,f
   556  00A7  28A2               	goto	u157
   557  00A8  0000               	nop
   558  00A9  284F               	goto	l761
   559  00AA                     __end_of_main:	
   560                           
   561                           	psect	text1
   562  00D5                     __ptext1:	
   563 ;; *************** function _spi_init *****************
   564 ;; Defined at:
   565 ;;		line 33 in file "spi_master.c"
   566 ;; Parameters:    Size  Location     Type
   567 ;;		None
   568 ;; Auto vars:     Size  Location     Type
   569 ;;		None
   570 ;; Return value:  Size  Location     Type
   571 ;;		None               void
   572 ;; Registers used:
   573 ;;		wreg, status,2
   574 ;; Tracked objects:
   575 ;;		On entry : 0/0
   576 ;;		On exit  : 0/0
   577 ;;		Unchanged: 0/0
   578 ;; Data sizes:     COMMON   BANK0   BANK1   BANK3   BANK2
   579 ;;      Params:         0       0       0       0       0
   580 ;;      Locals:         0       0       0       0       0
   581 ;;      Temps:          0       0       0       0       0
   582 ;;      Totals:         0       0       0       0       0
   583 ;;Total ram usage:        0 bytes
   584 ;; Hardware stack levels used:    1
   585 ;; Hardware stack levels required when called:    2
   586 ;; This function calls:
   587 ;;		Nothing
   588 ;; This function is called by:
   589 ;;		_main
   590 ;; This function uses a non-reentrant model
   591 ;;
   592                           
   593                           
   594                           ;psect for function _spi_init
   595  00D5                     _spi_init:	
   596                           
   597                           ;spi_master.c: 35: ADCON1 = 7;
   598                           
   599                           ;incstack = 0
   600                           ; Regs used in _spi_init: [wreg+status,2]
   601  00D5  3007               	movlw	7
   602  00D6  1683               	bsf	3,5	;RP0=1, select bank1
   603  00D7  1303               	bcf	3,6	;RP1=0, select bank1
   604  00D8  009F               	movwf	31	;volatile
   605                           
   606                           ;spi_master.c: 36: TRISB = 0b00000000;
   607  00D9  0186               	clrf	6	;volatile
   608                           
   609                           ;spi_master.c: 37: nRBPU = 0;
   610  00DA  1381               	bcf	1,7	;volatile
   611                           
   612                           ;spi_master.c: 40: T1CONbits.T1CKPS1 = 1;
   613  00DB  1283               	bcf	3,5	;RP0=0, select bank0
   614  00DC  1303               	bcf	3,6	;RP1=0, select bank0
   615  00DD  1690               	bsf	16,5	;volatile
   616                           
   617                           ;spi_master.c: 41: T1CONbits.T1CKPS0 = 1;
   618  00DE  1610               	bsf	16,4	;volatile
   619                           
   620                           ;spi_master.c: 43: INTCON = 0;
   621  00DF  018B               	clrf	11	;volatile
   622                           
   623                           ;spi_master.c: 44: TRISC3 = 0;
   624  00E0  1683               	bsf	3,5	;RP0=1, select bank1
   625  00E1  1303               	bcf	3,6	;RP1=0, select bank1
   626  00E2  1187               	bcf	7,3	;volatile
   627                           
   628                           ;spi_master.c: 45: TRISC4 = 1;
   629  00E3  1607               	bsf	7,4	;volatile
   630                           
   631                           ;spi_master.c: 46: TRISC5 = 0;
   632  00E4  1287               	bcf	7,5	;volatile
   633                           
   634                           ;spi_master.c: 47: SSPEN = 0;
   635  00E5  1283               	bcf	3,5	;RP0=0, select bank0
   636  00E6  1303               	bcf	3,6	;RP1=0, select bank0
   637  00E7  1294               	bcf	20,5	;volatile
   638                           
   639                           ;spi_master.c: 48: SMP = 0;
   640  00E8  1683               	bsf	3,5	;RP0=1, select bank1
   641  00E9  1303               	bcf	3,6	;RP1=0, select bank1
   642  00EA  1394               	bcf	20,7	;volatile
   643                           
   644                           ;spi_master.c: 49: CKP = 1;
   645  00EB  1283               	bcf	3,5	;RP0=0, select bank0
   646  00EC  1303               	bcf	3,6	;RP1=0, select bank0
   647  00ED  1614               	bsf	20,4	;volatile
   648                           
   649                           ;spi_master.c: 50: CKE = 1;
   650  00EE  1683               	bsf	3,5	;RP0=1, select bank1
   651  00EF  1303               	bcf	3,6	;RP1=0, select bank1
   652  00F0  1714               	bsf	20,6	;volatile
   653                           
   654                           ;spi_master.c: 53: SSPM3 = 0;
   655  00F1  1283               	bcf	3,5	;RP0=0, select bank0
   656  00F2  1303               	bcf	3,6	;RP1=0, select bank0
   657  00F3  1194               	bcf	20,3	;volatile
   658                           
   659                           ;spi_master.c: 54: SSPM2 = 0;
   660  00F4  1114               	bcf	20,2	;volatile
   661                           
   662                           ;spi_master.c: 55: SSPM1 = 0;
   663  00F5  1094               	bcf	20,1	;volatile
   664                           
   665                           ;spi_master.c: 56: SSPM0 = 0;
   666  00F6  1014               	bcf	20,0	;volatile
   667                           
   668                           ;spi_master.c: 58: SSPIF = 0;
   669  00F7  118C               	bcf	12,3	;volatile
   670                           
   671                           ;spi_master.c: 59: SSPEN = 1;
   672  00F8  1694               	bsf	20,5	;volatile
   673  00F9  0008               	return
   674  00FA                     __end_of_spi_init:	
   675                           
   676                           	psect	text2
   677  00AA                     __ptext2:	
   678 ;; *************** function _data_transmint *****************
   679 ;; Defined at:
   680 ;;		line 179 in file "spi_master.c"
   681 ;; Parameters:    Size  Location     Type
   682 ;;  data            1    wreg     PTR unsigned char 
   683 ;;		 -> main@t(15), main@w(13), 
   684 ;; Auto vars:     Size  Location     Type
   685 ;;  data            1    4[BANK0 ] PTR unsigned char 
   686 ;;		 -> main@t(15), main@w(13), 
   687 ;;  i               2    2[BANK0 ] int 
   688 ;; Return value:  Size  Location     Type
   689 ;;		None               void
   690 ;; Registers used:
   691 ;;		wreg, fsr0l, fsr0h, status,2, status,0, pclath, cstack
   692 ;; Tracked objects:
   693 ;;		On entry : 0/0
   694 ;;		On exit  : 0/0
   695 ;;		Unchanged: 0/0
   696 ;; Data sizes:     COMMON   BANK0   BANK1   BANK3   BANK2
   697 ;;      Params:         0       0       0       0       0
   698 ;;      Locals:         0       3       0       0       0
   699 ;;      Temps:          1       0       0       0       0
   700 ;;      Totals:         1       3       0       0       0
   701 ;;Total ram usage:        4 bytes
   702 ;; Hardware stack levels used:    1
   703 ;; Hardware stack levels required when called:    4
   704 ;; This function calls:
   705 ;;		_spi_transmit
   706 ;; This function is called by:
   707 ;;		_main
   708 ;; This function uses a non-reentrant model
   709 ;;
   710                           
   711                           
   712                           ;psect for function _data_transmint
   713  00AA                     _data_transmint:	
   714                           
   715                           ;incstack = 0
   716                           ; Regs used in _data_transmint: [wreg-fsr0h+status,2+status,0+pclath+cstack]
   717                           ;data_transmint@data stored from wreg
   718  00AA  1283               	bcf	3,5	;RP0=0, select bank0
   719  00AB  1303               	bcf	3,6	;RP1=0, select bank0
   720  00AC  00A4               	movwf	data_transmint@data
   721                           
   722                           ;spi_master.c: 180: int i=0;
   723  00AD  01A2               	clrf	data_transmint@i
   724  00AE  01A3               	clrf	data_transmint@i+1
   725                           
   726                           ;spi_master.c: 181: RA2 = 0;
   727  00AF  1105               	bcf	5,2	;volatile
   728  00B0                     l75:	
   729                           ;spi_master.c: 182: while(RA1==1){;}
   730                           
   731  00B0  1C85               	btfss	5,1	;volatile
   732  00B1  28C7               	goto	l741
   733  00B2  28B0               	goto	l75
   734  00B3                     l737:	
   735                           ;spi_master.c: 183: while(data[i] != '\0'){
   736                           
   737                           
   738                           ;spi_master.c: 184: spi_transmit(data[i]);
   739  00B3  0822               	movf	data_transmint@i,w
   740  00B4  0724               	addwf	data_transmint@data,w
   741  00B5  00F7               	movwf	??_data_transmint
   742  00B6  0877               	movf	??_data_transmint,w
   743  00B7  0084               	movwf	4
   744  00B8  1383               	bcf	3,7	;select IRP bank0
   745  00B9  0800               	movf	0,w
   746  00BA  120A  118A  2130  120A  118A  	fcall	_spi_transmit
   747                           
   748                           ;spi_master.c: 185: i++;
   749  00BF  3001               	movlw	1
   750  00C0  1283               	bcf	3,5	;RP0=0, select bank0
   751  00C1  1303               	bcf	3,6	;RP1=0, select bank0
   752  00C2  07A2               	addwf	data_transmint@i,f
   753  00C3  1803               	skipnc
   754  00C4  0AA3               	incf	data_transmint@i+1,f
   755  00C5  3000               	movlw	0
   756  00C6  07A3               	addwf	data_transmint@i+1,f
   757  00C7                     l741:	
   758  00C7  0822               	movf	data_transmint@i,w
   759  00C8  0724               	addwf	data_transmint@data,w
   760  00C9  00F7               	movwf	??_data_transmint
   761  00CA  0877               	movf	??_data_transmint,w
   762  00CB  0084               	movwf	4
   763  00CC  1383               	bcf	3,7	;select IRP bank0
   764  00CD  0800               	movf	0,w
   765  00CE  1D03               	btfss	3,2
   766  00CF  28B3               	goto	l737
   767                           
   768                           ;spi_master.c: 186: }
   769                           ;spi_master.c: 187: spi_transmit('\0');
   770  00D0  3000               	movlw	0
   771  00D1  120A  118A  2130   	fcall	_spi_transmit
   772  00D4  0008               	return
   773  00D5                     __end_of_data_transmint:	
   774                           
   775                           	psect	text3
   776  0130                     __ptext3:	
   777 ;; *************** function _spi_transmit *****************
   778 ;; Defined at:
   779 ;;		line 157 in file "spi_master.c"
   780 ;; Parameters:    Size  Location     Type
   781 ;;  data            1    wreg     unsigned char 
   782 ;; Auto vars:     Size  Location     Type
   783 ;;  data            1    1[BANK0 ] unsigned char 
   784 ;;  dummy           1    0[BANK0 ] unsigned char 
   785 ;; Return value:  Size  Location     Type
   786 ;;		None               void
   787 ;; Registers used:
   788 ;;		wreg, status,2, status,0, pclath, cstack
   789 ;; Tracked objects:
   790 ;;		On entry : 0/0
   791 ;;		On exit  : 0/0
   792 ;;		Unchanged: 0/0
   793 ;; Data sizes:     COMMON   BANK0   BANK1   BANK3   BANK2
   794 ;;      Params:         0       0       0       0       0
   795 ;;      Locals:         0       2       0       0       0
   796 ;;      Temps:          1       0       0       0       0
   797 ;;      Totals:         1       2       0       0       0
   798 ;;Total ram usage:        3 bytes
   799 ;; Hardware stack levels used:    1
   800 ;; Hardware stack levels required when called:    3
   801 ;; This function calls:
   802 ;;		_timer_off
   803 ;;		_timer_on
   804 ;; This function is called by:
   805 ;;		_data_transmint
   806 ;; This function uses a non-reentrant model
   807 ;;
   808                           
   809                           
   810                           ;psect for function _spi_transmit
   811  0130                     _spi_transmit:	
   812                           
   813                           ;incstack = 0
   814                           ; Regs used in _spi_transmit: [wreg+status,2+status,0+pclath+cstack]
   815                           ;spi_transmit@data stored from wreg
   816  0130  1283               	bcf	3,5	;RP0=0, select bank0
   817  0131  1303               	bcf	3,6	;RP1=0, select bank0
   818  0132  00A1               	movwf	spi_transmit@data
   819                           
   820                           ;spi_master.c: 158: char dummy;
   821                           ;spi_master.c: 159: SSPBUF = data;
   822  0133  0821               	movf	spi_transmit@data,w
   823  0134  0093               	movwf	19	;volatile
   824  0135                     l689:	
   825                           ;spi_master.c: 160: while(BF==0){
   826                           
   827  0135  1683               	bsf	3,5	;RP0=1, select bank1
   828  0136  1303               	bcf	3,6	;RP1=0, select bank1
   829  0137  1814               	btfsc	20,0	;volatile
   830  0138  293F               	goto	l691
   831                           
   832                           ;spi_master.c: 161: timer_on();
   833  0139  120A  118A  217E  120A  118A  	fcall	_timer_on
   834  013E  2935               	goto	l689
   835  013F                     l691:	
   836                           
   837                           ;spi_master.c: 162: }
   838                           ;spi_master.c: 163: timer_off();
   839  013F  120A  118A  215A   	fcall	_timer_off
   840                           
   841                           ;spi_master.c: 164: dummy = SSPBUF;
   842  0142  1283               	bcf	3,5	;RP0=0, select bank0
   843  0143  1303               	bcf	3,6	;RP1=0, select bank0
   844  0144  0813               	movf	19,w	;volatile
   845  0145  00F6               	movwf	??_spi_transmit
   846  0146  0876               	movf	??_spi_transmit,w
   847  0147  00A0               	movwf	spi_transmit@dummy
   848  0148  0008               	return
   849  0149                     __end_of_spi_transmit:	
   850                           
   851                           	psect	text4
   852  017E                     __ptext4:	
   853 ;; *************** function _timer_on *****************
   854 ;; Defined at:
   855 ;;		line 117 in file "spi_master.c"
   856 ;; Parameters:    Size  Location     Type
   857 ;;		None
   858 ;; Auto vars:     Size  Location     Type
   859 ;;		None
   860 ;; Return value:  Size  Location     Type
   861 ;;		None               void
   862 ;; Registers used:
   863 ;;		None
   864 ;; Tracked objects:
   865 ;;		On entry : 0/0
   866 ;;		On exit  : 0/0
   867 ;;		Unchanged: 0/0
   868 ;; Data sizes:     COMMON   BANK0   BANK1   BANK3   BANK2
   869 ;;      Params:         0       0       0       0       0
   870 ;;      Locals:         0       0       0       0       0
   871 ;;      Temps:          0       0       0       0       0
   872 ;;      Totals:         0       0       0       0       0
   873 ;;Total ram usage:        0 bytes
   874 ;; Hardware stack levels used:    1
   875 ;; Hardware stack levels required when called:    2
   876 ;; This function calls:
   877 ;;		Nothing
   878 ;; This function is called by:
   879 ;;		_spi_transmit
   880 ;; This function uses a non-reentrant model
   881 ;;
   882                           
   883                           
   884                           ;psect for function _timer_on
   885  017E                     _timer_on:	
   886                           
   887                           ;spi_master.c: 119: PIE1bits.TMR1IE = 1;
   888                           
   889                           ;incstack = 0
   890                           ; Regs used in _timer_on: []
   891  017E  1683               	bsf	3,5	;RP0=1, select bank1
   892  017F  1303               	bcf	3,6	;RP1=0, select bank1
   893  0180  140C               	bsf	12,0	;volatile
   894                           
   895                           ;spi_master.c: 120: T1CONbits.TMR1ON = 1;
   896  0181  1283               	bcf	3,5	;RP0=0, select bank0
   897  0182  1303               	bcf	3,6	;RP1=0, select bank0
   898  0183  1410               	bsf	16,0	;volatile
   899                           
   900                           ;spi_master.c: 121: INTCONbits.PEIE = 1;
   901  0184  170B               	bsf	11,6	;volatile
   902                           
   903                           ;spi_master.c: 122: INTCONbits.GIE = 1;
   904  0185  178B               	bsf	11,7	;volatile
   905  0186  0008               	return
   906  0187                     __end_of_timer_on:	
   907                           
   908                           	psect	text5
   909  015A                     __ptext5:	
   910 ;; *************** function _timer_off *****************
   911 ;; Defined at:
   912 ;;		line 136 in file "spi_master.c"
   913 ;; Parameters:    Size  Location     Type
   914 ;;		None
   915 ;; Auto vars:     Size  Location     Type
   916 ;;		None
   917 ;; Return value:  Size  Location     Type
   918 ;;		None               void
   919 ;; Registers used:
   920 ;;		None
   921 ;; Tracked objects:
   922 ;;		On entry : 0/0
   923 ;;		On exit  : 0/0
   924 ;;		Unchanged: 0/0
   925 ;; Data sizes:     COMMON   BANK0   BANK1   BANK3   BANK2
   926 ;;      Params:         0       0       0       0       0
   927 ;;      Locals:         0       0       0       0       0
   928 ;;      Temps:          0       0       0       0       0
   929 ;;      Totals:         0       0       0       0       0
   930 ;;Total ram usage:        0 bytes
   931 ;; Hardware stack levels used:    1
   932 ;; Hardware stack levels required when called:    2
   933 ;; This function calls:
   934 ;;		Nothing
   935 ;; This function is called by:
   936 ;;		_spi_transmit
   937 ;; This function uses a non-reentrant model
   938 ;;
   939                           
   940                           
   941                           ;psect for function _timer_off
   942  015A                     _timer_off:	
   943                           
   944                           ;spi_master.c: 138: PIR1bits.TMR1IF = 0;
   945                           
   946                           ;incstack = 0
   947                           ; Regs used in _timer_off: []
   948  015A  1283               	bcf	3,5	;RP0=0, select bank0
   949  015B  1303               	bcf	3,6	;RP1=0, select bank0
   950  015C  100C               	bcf	12,0	;volatile
   951                           
   952                           ;spi_master.c: 139: PIE1bits.TMR1IE = 0;
   953  015D  1683               	bsf	3,5	;RP0=1, select bank1
   954  015E  1303               	bcf	3,6	;RP1=0, select bank1
   955  015F  100C               	bcf	12,0	;volatile
   956                           
   957                           ;spi_master.c: 140: T1CONbits.TMR1ON = 0;
   958  0160  1283               	bcf	3,5	;RP0=0, select bank0
   959  0161  1303               	bcf	3,6	;RP1=0, select bank0
   960  0162  1010               	bcf	16,0	;volatile
   961                           
   962                           ;spi_master.c: 141: INTCONbits.PEIE = 0;
   963  0163  130B               	bcf	11,6	;volatile
   964                           
   965                           ;spi_master.c: 142: INTCONbits.GIE = 0;
   966  0164  138B               	bcf	11,7	;volatile
   967  0165  0008               	return
   968  0166                     __end_of_timer_off:	
   969                           
   970                           	psect	text6
   971  0116                     __ptext6:	
   972 ;; *************** function _isr *****************
   973 ;; Defined at:
   974 ;;		line 95 in file "spi_master.c"
   975 ;; Parameters:    Size  Location     Type
   976 ;;		None
   977 ;; Auto vars:     Size  Location     Type
   978 ;;		None
   979 ;; Return value:  Size  Location     Type
   980 ;;		None               void
   981 ;; Registers used:
   982 ;;		wreg, status,2, status,0, pclath, cstack
   983 ;; Tracked objects:
   984 ;;		On entry : 0/0
   985 ;;		On exit  : 0/0
   986 ;;		Unchanged: 0/0
   987 ;; Data sizes:     COMMON   BANK0   BANK1   BANK3   BANK2
   988 ;;      Params:         0       0       0       0       0
   989 ;;      Locals:         0       0       0       0       0
   990 ;;      Temps:          4       0       0       0       0
   991 ;;      Totals:         4       0       0       0       0
   992 ;;Total ram usage:        4 bytes
   993 ;; Hardware stack levels used:    1
   994 ;; Hardware stack levels required when called:    1
   995 ;; This function calls:
   996 ;;		_spi_reset
   997 ;;		i1_timer_off
   998 ;; This function is called by:
   999 ;;		Interrupt level 1
  1000 ;; This function uses a non-reentrant model
  1001 ;;
  1002                           
  1003                           
  1004                           ;psect for function _isr
  1005  0116                     _isr:	
  1006                           
  1007                           ;spi_master.c: 98: if (PIR1bits.TMR1IF == 1)
  1008  0116  1C0C               	btfss	12,0	;volatile
  1009  0117  2923               	goto	i1l60
  1010                           
  1011                           ;spi_master.c: 99: {
  1012                           ;spi_master.c: 100: PIR1bits.TMR1IF = 0;
  1013  0118  100C               	bcf	12,0	;volatile
  1014                           
  1015                           ;spi_master.c: 101: spi_reset();
  1016  0119  120A  118A  2172  120A  118A  	fcall	_spi_reset
  1017                           
  1018                           ;spi_master.c: 102: timer_off();
  1019  011E  120A  118A  2166  120A  118A  	fcall	i1_timer_off
  1020  0123                     i1l60:	
  1021  0123  0875               	movf	??_isr+3,w
  1022  0124  1283               	bcf	3,5	;RP0=0, select bank0
  1023  0125  1303               	bcf	3,6	;RP1=0, select bank0
  1024  0126  00FF               	movwf	127
  1025  0127  0874               	movf	??_isr+2,w
  1026  0128  008A               	movwf	10
  1027  0129  0873               	movf	??_isr+1,w
  1028  012A  0084               	movwf	4
  1029  012B  0E72               	swapf	??_isr^(0+-128),w
  1030  012C  0083               	movwf	3
  1031  012D  0EFE               	swapf	126,f
  1032  012E  0E7E               	swapf	126,w
  1033  012F  0009               	retfie
  1034  0130                     __end_of_isr:	
  1035                           
  1036                           	psect	intentry
  1037  0004                     __pintentry:	
  1038                           ;incstack = 0
  1039                           ; Regs used in _isr: [wreg+status,2+status,0+pclath+cstack]
  1040                           
  1041  0004                     interrupt_function:	
  1042  007E                     saved_w	set	btemp
  1043  0004  00FE               	movwf	btemp
  1044  0005  0E03               	swapf	3,w
  1045  0006  00F2               	movwf	??_isr
  1046  0007  0804               	movf	4,w
  1047  0008  00F3               	movwf	??_isr+1
  1048  0009  080A               	movf	10,w
  1049  000A  00F4               	movwf	??_isr+2
  1050  000B  1283               	bcf	3,5	;RP0=0, select bank0
  1051  000C  1303               	bcf	3,6	;RP1=0, select bank0
  1052  000D  087F               	movf	btemp+1,w
  1053  000E  00F5               	movwf	??_isr+3
  1054  000F  120A  118A  2916   	ljmp	_isr
  1055                           
  1056                           	psect	text7
  1057  0166                     __ptext7:	
  1058 ;; *************** function i1_timer_off *****************
  1059 ;; Defined at:
  1060 ;;		line 136 in file "spi_master.c"
  1061 ;; Parameters:    Size  Location     Type
  1062 ;;		None
  1063 ;; Auto vars:     Size  Location     Type
  1064 ;;		None
  1065 ;; Return value:  Size  Location     Type
  1066 ;;		None               void
  1067 ;; Registers used:
  1068 ;;		None
  1069 ;; Tracked objects:
  1070 ;;		On entry : 0/0
  1071 ;;		On exit  : 0/0
  1072 ;;		Unchanged: 0/0
  1073 ;; Data sizes:     COMMON   BANK0   BANK1   BANK3   BANK2
  1074 ;;      Params:         0       0       0       0       0
  1075 ;;      Locals:         0       0       0       0       0
  1076 ;;      Temps:          0       0       0       0       0
  1077 ;;      Totals:         0       0       0       0       0
  1078 ;;Total ram usage:        0 bytes
  1079 ;; Hardware stack levels used:    1
  1080 ;; This function calls:
  1081 ;;		Nothing
  1082 ;; This function is called by:
  1083 ;;		_isr
  1084 ;; This function uses a non-reentrant model
  1085 ;;
  1086                           
  1087                           
  1088                           ;psect for function i1_timer_off
  1089  0166                     i1_timer_off:	
  1090                           
  1091                           ;spi_master.c: 138: PIR1bits.TMR1IF = 0;
  1092                           
  1093                           ;incstack = 0
  1094                           ; Regs used in i1_timer_off: []
  1095  0166  1283               	bcf	3,5	;RP0=0, select bank0
  1096  0167  1303               	bcf	3,6	;RP1=0, select bank0
  1097  0168  100C               	bcf	12,0	;volatile
  1098                           
  1099                           ;spi_master.c: 139: PIE1bits.TMR1IE = 0;
  1100  0169  1683               	bsf	3,5	;RP0=1, select bank1
  1101  016A  1303               	bcf	3,6	;RP1=0, select bank1
  1102  016B  100C               	bcf	12,0	;volatile
  1103                           
  1104                           ;spi_master.c: 140: T1CONbits.TMR1ON = 0;
  1105  016C  1283               	bcf	3,5	;RP0=0, select bank0
  1106  016D  1303               	bcf	3,6	;RP1=0, select bank0
  1107  016E  1010               	bcf	16,0	;volatile
  1108                           
  1109                           ;spi_master.c: 141: INTCONbits.PEIE = 0;
  1110  016F  130B               	bcf	11,6	;volatile
  1111                           
  1112                           ;spi_master.c: 142: INTCONbits.GIE = 0;
  1113  0170  138B               	bcf	11,7	;volatile
  1114  0171  0008               	return
  1115  0172                     __end_ofi1_timer_off:	
  1116                           
  1117                           	psect	text8
  1118  0172                     __ptext8:	
  1119 ;; *************** function _spi_reset *****************
  1120 ;; Defined at:
  1121 ;;		line 73 in file "spi_master.c"
  1122 ;; Parameters:    Size  Location     Type
  1123 ;;		None
  1124 ;; Auto vars:     Size  Location     Type
  1125 ;;  dummy           1    1[COMMON] unsigned char 
  1126 ;; Return value:  Size  Location     Type
  1127 ;;		None               void
  1128 ;; Registers used:
  1129 ;;		wreg
  1130 ;; Tracked objects:
  1131 ;;		On entry : 0/0
  1132 ;;		On exit  : 0/0
  1133 ;;		Unchanged: 0/0
  1134 ;; Data sizes:     COMMON   BANK0   BANK1   BANK3   BANK2
  1135 ;;      Params:         0       0       0       0       0
  1136 ;;      Locals:         1       0       0       0       0
  1137 ;;      Temps:          1       0       0       0       0
  1138 ;;      Totals:         2       0       0       0       0
  1139 ;;Total ram usage:        2 bytes
  1140 ;; Hardware stack levels used:    1
  1141 ;; This function calls:
  1142 ;;		Nothing
  1143 ;; This function is called by:
  1144 ;;		_isr
  1145 ;; This function uses a non-reentrant model
  1146 ;;
  1147                           
  1148                           
  1149                           ;psect for function _spi_reset
  1150  0172                     _spi_reset:	
  1151                           
  1152                           ;spi_master.c: 75: unsigned char dummy;
  1153                           ;spi_master.c: 76: SSPEN = 0;
  1154                           
  1155                           ;incstack = 0
  1156                           ; Regs used in _spi_reset: [wreg]
  1157  0172  1283               	bcf	3,5	;RP0=0, select bank0
  1158  0173  1303               	bcf	3,6	;RP1=0, select bank0
  1159  0174  1294               	bcf	20,5	;volatile
  1160                           
  1161                           ;spi_master.c: 77: SSPEN = 1;
  1162  0175  1694               	bsf	20,5	;volatile
  1163                           
  1164                           ;spi_master.c: 78: dummy = SSPBUF;
  1165  0176  0813               	movf	19,w	;volatile
  1166  0177  00F0               	movwf	??_spi_reset
  1167  0178  0870               	movf	??_spi_reset,w
  1168  0179  00F1               	movwf	spi_reset@dummy
  1169                           
  1170                           ;spi_master.c: 79: SSPIF = 0;
  1171  017A  118C               	bcf	12,3	;volatile
  1172                           
  1173                           ;spi_master.c: 80: SSPEN = 0;
  1174  017B  1294               	bcf	20,5	;volatile
  1175                           
  1176                           ;spi_master.c: 81: SSPEN = 1;
  1177  017C  1694               	bsf	20,5	;volatile
  1178  017D  0008               	return
  1179  017E                     __end_of_spi_reset:	
  1180  007E                     btemp	set	126	;btemp
  1181  007E                     wtemp	set	126
  1182  007E                     wtemp0	set	126
  1183  0080                     wtemp1	set	128
  1184  0082                     wtemp2	set	130
  1185  0084                     wtemp3	set	132
  1186  0086                     wtemp4	set	134
  1187  0088                     wtemp5	set	136
  1188  007F                     wtemp6	set	127
  1189  007E                     ttemp	set	126
  1190  007E                     ttemp0	set	126
  1191  0081                     ttemp1	set	129
  1192  0084                     ttemp2	set	132
  1193  0087                     ttemp3	set	135
  1194  007F                     ttemp4	set	127
  1195  007E                     ltemp	set	126
  1196  007E                     ltemp0	set	126
  1197  0082                     ltemp1	set	130
  1198  0086                     ltemp2	set	134
  1199  0080                     ltemp3	set	128


Data Sizes:
    Strings     0
    Constant    0
    Data        28
    BSS         0
    Persistent  0
    Stack       0

Auto Spaces:
    Space          Size  Autos    Used
    COMMON           14      8       8
    BANK0            80     37      65
    BANK1            80      0       0
    BANK3            96      0       0
    BANK2            96      0       0

Pointer List with Targets:

    data_transmint@data	PTR unsigned char  size(1) Largest target is 15
		 -> main@t(BANK0[15]), main@w(BANK0[13]), 


Critical Paths under _main in COMMON

    _main->_data_transmint
    _data_transmint->_spi_transmit

Critical Paths under _isr in COMMON

    _isr->_spi_reset

Critical Paths under _main in BANK0

    _main->_data_transmint
    _data_transmint->_spi_transmit

Critical Paths under _isr in BANK0

    None.

Critical Paths under _main in BANK1

    None.

Critical Paths under _isr in BANK1

    None.

Critical Paths under _main in BANK3

    None.

Critical Paths under _isr in BANK3

    None.

Critical Paths under _main in BANK2

    None.

Critical Paths under _isr in BANK2

    None.

Call Graph Tables:

 ---------------------------------------------------------------------------------
 (Depth) Function   	        Calls       Base Space   Used Autos Params    Refs
 ---------------------------------------------------------------------------------
 (0) _main                                                32    32      0     217
                                              5 BANK0     32    32      0
                     _data_transmint
                           _spi_init
 ---------------------------------------------------------------------------------
 (1) _spi_init                                             0     0      0       0
 ---------------------------------------------------------------------------------
 (1) _data_transmint                                       4     4      0     167
                                              7 COMMON     1     1      0
                                              2 BANK0      3     3      0
                       _spi_transmit
 ---------------------------------------------------------------------------------
 (2) _spi_transmit                                         3     3      0      23
                                              6 COMMON     1     1      0
                                              0 BANK0      2     2      0
                          _timer_off
                           _timer_on
 ---------------------------------------------------------------------------------
 (3) _timer_on                                             0     0      0       0
 ---------------------------------------------------------------------------------
 (3) _timer_off                                            0     0      0       0
 ---------------------------------------------------------------------------------
 Estimated maximum stack depth 3
 ---------------------------------------------------------------------------------
 (Depth) Function   	        Calls       Base Space   Used Autos Params    Refs
 ---------------------------------------------------------------------------------
 (4) _isr                                                  4     4      0       0
                                              2 COMMON     4     4      0
                          _spi_reset
                        i1_timer_off
 ---------------------------------------------------------------------------------
 (5) i1_timer_off                                          0     0      0       0
 ---------------------------------------------------------------------------------
 (5) _spi_reset                                            2     2      0       0
                                              0 COMMON     2     2      0
 ---------------------------------------------------------------------------------
 Estimated maximum stack depth 5
 ---------------------------------------------------------------------------------

 Call Graph Graphs:

 _main (ROOT)
   _data_transmint
     _spi_transmit
       _timer_off
       _timer_on
   _spi_init

 _isr (ROOT)
   _spi_reset
   i1_timer_off

 Address spaces:
Name               Size   Autos  Total    Cost      Usage
BANK3               60      0       0       9        0.0%
BITBANK3            60      0       0       8        0.0%
SFR3                 0      0       0       4        0.0%
BITSFR3              0      0       0       4        0.0%
BANK2               60      0       0      11        0.0%
BITBANK2            60      0       0      10        0.0%
SFR2                 0      0       0       5        0.0%
BITSFR2              0      0       0       5        0.0%
BANK1               50      0       0       7        0.0%
BITBANK1            50      0       0       6        0.0%
SFR1                 0      0       0       2        0.0%
BITSFR1              0      0       0       2        0.0%
BANK0               50     25      41       5       81.3%
BITBANK0            50      0       0       4        0.0%
SFR0                 0      0       0       1        0.0%
BITSFR0              0      0       0       1        0.0%
COMMON               E      8       8       1       57.1%
BITCOMMON            E      0       0       0        0.0%
CODE                 0      0       0       0        0.0%
DATA                 0      0      49      12        0.0%
ABS                  0      0      49       3        0.0%
NULL                 0      0       0       0        0.0%
STACK                0      0       0       2        0.0%
EEDATA             100      0       0       0        0.0%


Microchip Technology PIC Macro Assembler V1.35 build -356382666 
Symbol Table                                                                                   Wed Dec 23 17:53:21 2015

                      pc 0002      __end_ofi1_timer_off 0172              __CFG_CP$OFF 0000  
                     _BF 04A0                       l75 00B0                       fsr 0004  
                    l741 00C7                      l737 00B3                      l761 004F  
                    l691 013F                      _CKE 04A6                      l689 0135  
                    _CKP 00A4                      _RA0 0028                      _RA1 0029  
                    _RA2 002A                      u100 0059                      u110 006E  
                    u127 0038                      u137 0048                      u147 008A  
                    u157 00A2             __CFG_CPD$OFF 0000                      _SMP 04A7  
                    _isr 0116                      fsr0 0004                      indf 0000  
           __CFG_FOSC$HS 0000             __CFG_LVP$OFF 0000                     ?_isr 0070  
                   i1l60 0123             __CFG_WRT$OFF 0000                     _main 0025  
                   btemp 007E            __CFG_BOREN$ON 0000                     ltemp 007E  
                   start 0012                     ttemp 007E                     wtemp 007E  
                  ??_isr 0072                    ?_main 0070            __CFG_WDTE$OFF 0000  
                  _SSPM0 00A0                    _SSPM1 00A1                    _SSPM2 00A2  
                  _SSPM3 00A3                    _TRISA 0085                    _TRISB 0086  
                  _SSPIF 0063                    _SSPEN 00A5            __CFG_PWRTE$ON 0000  
                  _nRBPU 040F                    main@t 0029                    main@w 0038  
                  pclath 000A                    ltemp0 007E                    ltemp1 0082  
                  ltemp2 0086                    ltemp3 0080                    ttemp0 007E  
                  ttemp1 0081                    ttemp2 0084                    ttemp3 0087  
                  ttemp4 007F                    status 0003                    wtemp0 007E  
                  wtemp1 0080                    wtemp2 0082                    wtemp3 0084  
                  wtemp4 0086                    wtemp5 0088                    wtemp6 007F  
            i1_timer_off 0166          __initialization 0015             __end_of_main 00AA  
                 ??_main 0025           _data_transmint 00AA                   _ADCON1 009F  
                 _INTCON 000B                   _TRISA1 0429                   _TRISC3 043B  
                 _TRISC4 043C                   _TRISC5 043D                   _SSPBUF 0013  
 __end_of_data_transmint 00D5                   saved_w 007E         __end_of_timer_on 0187  
       __end_of_spi_init 00FA  __end_of__initialization 0021           __pcstackCOMMON 0070  
           __pidataBANK0 00FA          ?_data_transmint 0070               __pmaintext 0025  
         spi_reset@dummy 0071               __pintentry 0004       __size_of_timer_off 000C  
     __size_of_spi_reset 000C             ?i1_timer_off 0070                ?_timer_on 0070  
              ?_spi_init 0070                  __ptext1 00D5                  __ptext2 00AA  
                __ptext3 0130                  __ptext4 017E                  __ptext5 015A  
                __ptext6 0116                  __ptext7 0166                  __ptext8 0172  
              _T1CONbits 0010             __size_of_isr 001A     end_of_initialization 0021  
      __end_of_timer_off 0166        __end_of_spi_reset 017E               ??_timer_on 0076  
             ??_spi_init 0076            ?_spi_transmit 0070         ??_data_transmint 0077  
      spi_transmit@dummy 0020      start_initialization 0015              __end_of_isr 0130  
         ??_spi_transmit 0076     __size_ofi1_timer_off 000C               init_fetch0 0149  
            __pdataBANK0 0045                ___latbits 0002            __pcstackBANK0 0020  
      __size_of_timer_on 0009        __size_of_spi_init 0025        interrupt_function 0004  
               _PIE1bits 008C                 _PIR1bits 000C                main@F1176 0054  
              main@F1178 0045          data_transmint@i 0022                _timer_off 015A  
              _spi_reset 0172     __end_of_spi_transmit 0149         spi_transmit@data 0021  
             ?_timer_off 0070               ?_spi_reset 0070            __size_of_main 0085  
               _timer_on 017E                 _spi_init 00D5               _INTCONbits 000B  
               init_ram0 014D                 intlevel1 0000       data_transmint@data 0024  
          ??i1_timer_off 0070    __size_of_spi_transmit 0019              ??_timer_off 0076  
            ??_spi_reset 0070  __size_of_data_transmint 002B             _spi_transmit 0130  
