

Microchip Technology PIC LITE Macro Assembler V1.35 build -356382666 
                                                                                               Wed Dec 23 17:54:53 2015

Microchip Technology Omniscient Code Generator v1.35 (Free mode) build 201507080246
     1                           	processor	16F877A
     2                           	opt	pw 120
     3                           	opt	lm
     4                           	psect	strings,global,class=STRING,delta=2
     5                           	psect	cinit,global,class=CODE,merge=1,delta=2
     6                           	psect	cstackCOMMON,global,class=COMMON,space=1,delta=1
     7                           	psect	cstackBANK0,global,class=BANK0,space=1,delta=1
     8                           	psect	maintext,global,class=CODE,split=1,delta=2
     9                           	psect	text1,local,class=CODE,merge=1,delta=2
    10                           	psect	text2,local,class=CODE,merge=1,delta=2
    11                           	psect	text3,local,class=CODE,merge=1,delta=2
    12                           	psect	text4,local,class=CODE,merge=1,delta=2
    13                           	psect	text5,local,class=CODE,merge=1,delta=2
    14                           	psect	text6,local,class=CODE,merge=1,delta=2
    15                           	psect	text7,local,class=CODE,merge=1,delta=2
    16                           	psect	text8,local,class=CODE,merge=1,delta=2
    17                           	psect	text9,local,class=CODE,merge=1,delta=2
    18                           	psect	intentry,global,class=CODE,delta=2
    19                           	psect	text10,local,class=CODE,merge=1,delta=2
    20                           	psect	text11,local,class=CODE,merge=1,delta=2
    21                           	dabs	1,0x7E,2
    22  0000                     	;# 
    23  0001                     	;# 
    24  0002                     	;# 
    25  0003                     	;# 
    26  0004                     	;# 
    27  0005                     	;# 
    28  0006                     	;# 
    29  0007                     	;# 
    30  0008                     	;# 
    31  0009                     	;# 
    32  000A                     	;# 
    33  000B                     	;# 
    34  000C                     	;# 
    35  000D                     	;# 
    36  000E                     	;# 
    37  000E                     	;# 
    38  000F                     	;# 
    39  0010                     	;# 
    40  0011                     	;# 
    41  0012                     	;# 
    42  0013                     	;# 
    43  0014                     	;# 
    44  0015                     	;# 
    45  0015                     	;# 
    46  0016                     	;# 
    47  0017                     	;# 
    48  0018                     	;# 
    49  0019                     	;# 
    50  001A                     	;# 
    51  001B                     	;# 
    52  001B                     	;# 
    53  001C                     	;# 
    54  001D                     	;# 
    55  001E                     	;# 
    56  001F                     	;# 
    57  0081                     	;# 
    58  0085                     	;# 
    59  0086                     	;# 
    60  0087                     	;# 
    61  0088                     	;# 
    62  0089                     	;# 
    63  008C                     	;# 
    64  008D                     	;# 
    65  008E                     	;# 
    66  0091                     	;# 
    67  0092                     	;# 
    68  0093                     	;# 
    69  0094                     	;# 
    70  0098                     	;# 
    71  0099                     	;# 
    72  009C                     	;# 
    73  009D                     	;# 
    74  009E                     	;# 
    75  009F                     	;# 
    76  010C                     	;# 
    77  010D                     	;# 
    78  010E                     	;# 
    79  010F                     	;# 
    80  018C                     	;# 
    81  018D                     	;# 
    82  0000                     	;# 
    83  0001                     	;# 
    84  0002                     	;# 
    85  0003                     	;# 
    86  0004                     	;# 
    87  0005                     	;# 
    88  0006                     	;# 
    89  0007                     	;# 
    90  0008                     	;# 
    91  0009                     	;# 
    92  000A                     	;# 
    93  000B                     	;# 
    94  000C                     	;# 
    95  000D                     	;# 
    96  000E                     	;# 
    97  000E                     	;# 
    98  000F                     	;# 
    99  0010                     	;# 
   100  0011                     	;# 
   101  0012                     	;# 
   102  0013                     	;# 
   103  0014                     	;# 
   104  0015                     	;# 
   105  0015                     	;# 
   106  0016                     	;# 
   107  0017                     	;# 
   108  0018                     	;# 
   109  0019                     	;# 
   110  001A                     	;# 
   111  001B                     	;# 
   112  001B                     	;# 
   113  001C                     	;# 
   114  001D                     	;# 
   115  001E                     	;# 
   116  001F                     	;# 
   117  0081                     	;# 
   118  0085                     	;# 
   119  0086                     	;# 
   120  0087                     	;# 
   121  0088                     	;# 
   122  0089                     	;# 
   123  008C                     	;# 
   124  008D                     	;# 
   125  008E                     	;# 
   126  0091                     	;# 
   127  0092                     	;# 
   128  0093                     	;# 
   129  0094                     	;# 
   130  0098                     	;# 
   131  0099                     	;# 
   132  009C                     	;# 
   133  009D                     	;# 
   134  009E                     	;# 
   135  009F                     	;# 
   136  010C                     	;# 
   137  010D                     	;# 
   138  010E                     	;# 
   139  010F                     	;# 
   140  018C                     	;# 
   141  018D                     	;# 
   142  0000                     	;# 
   143  0001                     	;# 
   144  0002                     	;# 
   145  0003                     	;# 
   146  0004                     	;# 
   147  0005                     	;# 
   148  0006                     	;# 
   149  0007                     	;# 
   150  0008                     	;# 
   151  0009                     	;# 
   152  000A                     	;# 
   153  000B                     	;# 
   154  000C                     	;# 
   155  000D                     	;# 
   156  000E                     	;# 
   157  000E                     	;# 
   158  000F                     	;# 
   159  0010                     	;# 
   160  0011                     	;# 
   161  0012                     	;# 
   162  0013                     	;# 
   163  0014                     	;# 
   164  0015                     	;# 
   165  0015                     	;# 
   166  0016                     	;# 
   167  0017                     	;# 
   168  0018                     	;# 
   169  0019                     	;# 
   170  001A                     	;# 
   171  001B                     	;# 
   172  001B                     	;# 
   173  001C                     	;# 
   174  001D                     	;# 
   175  001E                     	;# 
   176  001F                     	;# 
   177  0081                     	;# 
   178  0085                     	;# 
   179  0086                     	;# 
   180  0087                     	;# 
   181  0088                     	;# 
   182  0089                     	;# 
   183  008C                     	;# 
   184  008D                     	;# 
   185  008E                     	;# 
   186  0091                     	;# 
   187  0092                     	;# 
   188  0093                     	;# 
   189  0094                     	;# 
   190  0098                     	;# 
   191  0099                     	;# 
   192  009C                     	;# 
   193  009D                     	;# 
   194  009E                     	;# 
   195  009F                     	;# 
   196  010C                     	;# 
   197  010D                     	;# 
   198  010E                     	;# 
   199  010F                     	;# 
   200  018C                     	;# 
   201  018D                     	;# 
   202  000B                     _INTCON	set	11
   203  000B                     _INTCONbits	set	11
   204  000C                     _PIR1bits	set	12
   205  0005                     _PORTA	set	5
   206  001A                     _RCREG	set	26
   207  0018                     _RCSTA	set	24
   208  0013                     _SSPBUF	set	19
   209  0010                     _T1CONbits	set	16
   210  0019                     _TXREG	set	25
   211  00A4                     _CKP	set	164
   212  0029                     _RA1	set	41
   213  002D                     _RA5	set	45
   214  0065                     _RCIF	set	101
   215  00A5                     _SSPEN	set	165
   216  0063                     _SSPIF	set	99
   217  00A0                     _SSPM0	set	160
   218  00A1                     _SSPM1	set	161
   219  00A2                     _SSPM2	set	162
   220  00A3                     _SSPM3	set	163
   221  0064                     _TXIF	set	100
   222  009F                     _ADCON1	set	159
   223  008C                     _PIE1bits	set	140
   224  0099                     _SPBRG	set	153
   225  0085                     _TRISA	set	133
   226  0098                     _TXSTA	set	152
   227  04A0                     _BF	set	1184
   228  04A6                     _CKE	set	1190
   229  04A7                     _SMP	set	1191
   230  042D                     _TRISA5	set	1069
   231  043A                     _TRISC2	set	1082
   232  043B                     _TRISC3	set	1083
   233  043D                     _TRISC5	set	1085
   234  043F                     _TRISC7	set	1087
   235                           
   236                           	psect	strings
   237  009F                     __pstrings:	
   238  009F                     stringtab:	
   239  009F                     __stringtab:	
   240  009F                     stringcode:	
   241                           ;	String table - string pointers are 1 byte each
   242                           
   243  009F                     stringdir:	
   244  009F  3000               	movlw	high stringdir
   245  00A0  008A               	movwf	10
   246  00A1  0804               	movf	4,w
   247  00A2  0A84               	incf	4,f
   248  00A3  0782               	addwf	2,f
   249  00A4                     __stringbase:	
   250  00A4  3400               	retlw	0
   251  00A5                     __end_of__stringtab:	
   252  00A5                     STR_1:	
   253  00A5  3453               	retlw	83	;'S'
   254  00A6  3474               	retlw	116	;'t'
   255  00A7  3461               	retlw	97	;'a'
   256  00A8  3472               	retlw	114	;'r'
   257  00A9  3474               	retlw	116	;'t'
   258  00AA  345F               	retlw	95	;'_'
   259  00AB  3453               	retlw	83	;'S'
   260  00AC  3450               	retlw	80	;'P'
   261  00AD  3449               	retlw	73	;'I'
   262  00AE  343A               	retlw	58	;':'
   263  00AF  340D               	retlw	13
   264  00B0  340A               	retlw	10
   265  00B1  3400               	retlw	0
   266  00B2                     STR_2:	
   267  00B2  3472               	retlw	114	;'r'
   268  00B3  3465               	retlw	101	;'e'
   269  00B4  3461               	retlw	97	;'a'
   270  00B5  3464               	retlw	100	;'d'
   271  00B6  3479               	retlw	121	;'y'
   272  00B7  342E               	retlw	46	;'.'
   273  00B8  342E               	retlw	46	;'.'
   274  00B9  342E               	retlw	46	;'.'
   275  00BA  340D               	retlw	13
   276  00BB  340A               	retlw	10
   277  00BC  3400               	retlw	0
   278  00BD                     STR_3:	
   279  00BD  3453               	retlw	83	;'S'
   280  00BE  3453               	retlw	83	;'S'
   281  00BF  3450               	retlw	80	;'P'
   282  00C0  3442               	retlw	66	;'B'
   283  00C1  3455               	retlw	85	;'U'
   284  00C2  3446               	retlw	70	;'F'
   285  00C3  3420               	retlw	32	;' '
   286  00C4  343D               	retlw	61	;'='
   287  00C5  3420               	retlw	32	;' '
   288  00C6  3400               	retlw	0
   289                           
   290                           ; #config settings
   291  0000                     
   292                           	psect	cinit
   293  0015                     start_initialization:	
   294  0015                     __initialization:	
   295  0015                     end_of_initialization:	
   296                           ;End of C runtime variable initialization code
   297                           
   298  0015                     __end_of__initialization:	
   299  0015  0183               	clrf	3
   300  0016  120A  118A  2819   	ljmp	_main	;jump to C main() function
   301                           
   302                           	psect	cstackCOMMON
   303  0070                     __pcstackCOMMON:	
   304  0070                     ?_uart_init:	
   305  0070                     ?_spi_init:	
   306                           ; 0 bytes @ 0x0
   307                           
   308  0070                     ?_data_receuve:	
   309                           ; 0 bytes @ 0x0
   310                           
   311  0070                     ?_putch:	
   312                           ; 0 bytes @ 0x0
   313                           
   314  0070                     ?_spi_reset:	
   315                           ; 0 bytes @ 0x0
   316                           
   317  0070                     ??_spi_reset:	
   318                           ; 0 bytes @ 0x0
   319                           
   320  0070                     ?_timer_off:	
   321                           ; 0 bytes @ 0x0
   322                           
   323  0070                     ?_main:	
   324                           ; 0 bytes @ 0x0
   325                           
   326  0070                     ?_isr:	
   327                           ; 0 bytes @ 0x0
   328                           
   329  0070                     ?_timer_on:	
   330                           ; 0 bytes @ 0x0
   331                           
   332  0070                     ?i1_timer_off:	
   333                           ; 0 bytes @ 0x0
   334                           
   335  0070                     ??i1_timer_off:	
   336                           ; 0 bytes @ 0x0
   337                           
   338  0070                     ?_spi_receive:	
   339                           ; 0 bytes @ 0x0
   340                           
   341  0070                     ?_printf:	
   342                           ; 1 bytes @ 0x0
   343                           
   344                           
   345                           ; 2 bytes @ 0x0
   346  0070                     	ds	1
   347  0071                     spi_reset@dummy:	
   348                           
   349                           ; 1 bytes @ 0x1
   350  0071                     	ds	1
   351  0072                     ??_isr:	
   352                           
   353                           ; 0 bytes @ 0x2
   354  0072                     	ds	4
   355  0076                     ??_uart_init:	
   356  0076                     ??_spi_init:	
   357                           ; 0 bytes @ 0x6
   358                           
   359  0076                     ??_data_receuve:	
   360                           ; 0 bytes @ 0x6
   361                           
   362  0076                     ??_putch:	
   363                           ; 0 bytes @ 0x6
   364                           
   365  0076                     ??_timer_off:	
   366                           ; 0 bytes @ 0x6
   367                           
   368  0076                     ??_timer_on:	
   369                           ; 0 bytes @ 0x6
   370                           
   371  0076                     ??_spi_receive:	
   372                           ; 0 bytes @ 0x6
   373                           
   374  0076                     putch@byte:	
   375                           ; 0 bytes @ 0x6
   376                           
   377                           
   378                           ; 1 bytes @ 0x6
   379  0076                     	ds	1
   380  0077                     ??_printf:	
   381                           
   382                           ; 0 bytes @ 0x7
   383  0077                     	ds	1
   384  0078                     ??_main:	
   385                           
   386                           	psect	cstackBANK0
   387  0020                     __pcstackBANK0:	
   388                           ; 0 bytes @ 0x8
   389                           
   390  0020                     data_receuve@data:	
   391  0020                     printf@ap:	
   392                           ; 1 bytes @ 0x0
   393                           
   394                           
   395                           ; 1 bytes @ 0x0
   396  0020                     	ds	1
   397  0021                     printf@c:	
   398  0021                     data_receuve@i:	
   399                           ; 1 bytes @ 0x1
   400                           
   401                           
   402                           ; 2 bytes @ 0x1
   403  0021                     	ds	1
   404  0022                     printf@f:	
   405                           
   406                           ; 1 bytes @ 0x2
   407  0022                     	ds	1
   408  0023                     main@w:	
   409                           
   410                           ; 20 bytes @ 0x3
   411  0023                     	ds	20
   412  0037                     main@i:	
   413                           
   414                           ; 2 bytes @ 0x17
   415  0037                     	ds	2
   416                           
   417                           	psect	maintext
   418  0019                     __pmaintext:	
   419 ;;
   420 ;;Main: autosize = 0, tempsize = 0, incstack = 0, save=0
   421 ;;
   422 ;; *************** function _main *****************
   423 ;; Defined at:
   424 ;;		line 29 in file "main_sla.c"
   425 ;; Parameters:    Size  Location     Type
   426 ;;		None
   427 ;; Auto vars:     Size  Location     Type
   428 ;;  i               2   23[BANK0 ] int 
   429 ;;  w              20    3[BANK0 ] unsigned char [20]
   430 ;; Return value:  Size  Location     Type
   431 ;;		None               void
   432 ;; Registers used:
   433 ;;		wreg, fsr0l, fsr0h, status,2, status,0, btemp+1, pclath, cstack
   434 ;; Tracked objects:
   435 ;;		On entry : B00/0
   436 ;;		On exit  : 0/0
   437 ;;		Unchanged: 0/0
   438 ;; Data sizes:     COMMON   BANK0   BANK1   BANK3   BANK2
   439 ;;      Params:         0       0       0       0       0
   440 ;;      Locals:         0      22       0       0       0
   441 ;;      Temps:          0       0       0       0       0
   442 ;;      Totals:         0      22       0       0       0
   443 ;;Total ram usage:       22 bytes
   444 ;; Hardware stack levels required when called:    5
   445 ;; This function calls:
   446 ;;		_data_receuve
   447 ;;		_printf
   448 ;;		_putch
   449 ;;		_spi_init
   450 ;;		_uart_init
   451 ;; This function is called by:
   452 ;;		Startup code after reset
   453 ;; This function uses a non-reentrant model
   454 ;;
   455                           
   456                           
   457                           ;psect for function _main
   458  0019                     _main:	
   459                           
   460                           ;main_sla.c: 31: TRISA = 0b00000000;
   461                           
   462                           ;incstack = 0
   463                           ; Regs used in _main: [wreg-fsr0h+status,2+status,0+btemp+1+pclath+cstack]
   464  0019  1683               	bsf	3,5	;RP0=1, select bank1
   465  001A  1303               	bcf	3,6	;RP1=0, select bank1
   466  001B  0185               	clrf	5	;volatile
   467                           
   468                           ;main_sla.c: 32: TRISA5 = 1;
   469  001C  1685               	bsf	5,5	;volatile
   470                           
   471                           ;main_sla.c: 33: PORTA = 0x00;
   472  001D  1283               	bcf	3,5	;RP0=0, select bank0
   473  001E  1303               	bcf	3,6	;RP1=0, select bank0
   474  001F  0185               	clrf	5	;volatile
   475                           
   476                           ;main_sla.c: 34: RA1 = 1;
   477  0020  1485               	bsf	5,1	;volatile
   478                           
   479                           ;main_sla.c: 37: uart_init();
   480  0021  120A  118A  213C  120A  118A  	fcall	_uart_init
   481                           
   482                           ;main_sla.c: 38: spi_init();
   483  0026  120A  118A  20C7  120A  118A  	fcall	_spi_init
   484                           
   485                           ;main_sla.c: 39: char w[20];
   486                           ;main_sla.c: 40: printf("Start_SPI:\r\n");
   487  002B  3001               	movlw	(low ((STR_1-__stringbase)| (0+32768)))& (0+255)
   488  002C  120A  118A  20EB  120A  118A  	fcall	_printf
   489  0031                     l853:	
   490                           ;main_sla.c: 43: while(1){
   491                           
   492                           
   493                           ;main_sla.c: 46: printf("ready...\r\n");
   494  0031  300E               	movlw	(low ((STR_2-__stringbase)| (0+32768)))& (0+255)
   495  0032  120A  118A  20EB  120A  118A  	fcall	_printf
   496                           
   497                           ;main_sla.c: 47: printf("SSPBUF = ");
   498  0037  3019               	movlw	(low ((STR_3-__stringbase)| (0+32768)))& (0+255)
   499  0038  120A  118A  20EB  120A  118A  	fcall	_printf
   500                           
   501                           ;main_sla.c: 48: data_receuve(w);
   502  003D  3023               	movlw	(low (main@w| 0))& (0+255)
   503  003E  120A  118A  206F  120A  118A  	fcall	_data_receuve
   504                           
   505                           ;main_sla.c: 50: RA1=1;
   506  0043  1283               	bcf	3,5	;RP0=0, select bank0
   507  0044  1303               	bcf	3,6	;RP1=0, select bank0
   508  0045  1485               	bsf	5,1	;volatile
   509                           
   510                           ;main_sla.c: 53: int i = 0;
   511  0046  01B7               	clrf	main@i
   512  0047  01B8               	clrf	main@i+1
   513  0048                     l867:	
   514                           ;main_sla.c: 54: while(w[i] != '\0'){
   515                           
   516  0048  0837               	movf	main@i,w
   517  0049  3E23               	addlw	(low (main@w| 0))& (0+255)
   518  004A  0084               	movwf	4
   519  004B  1383               	bcf	3,7	;select IRP bank0
   520  004C  0800               	movf	0,w
   521  004D  1903               	btfsc	3,2
   522  004E  2862               	goto	l869
   523                           
   524                           ;main_sla.c: 55: putch(w[i]);
   525  004F  0837               	movf	main@i,w
   526  0050  3E23               	addlw	(low (main@w| 0))& (0+255)
   527  0051  0084               	movwf	4
   528  0052  1383               	bcf	3,7	;select IRP bank0
   529  0053  0800               	movf	0,w
   530  0054  120A  118A  2175  120A  118A  	fcall	_putch
   531                           
   532                           ;main_sla.c: 56: i++;
   533  0059  3001               	movlw	1
   534  005A  1283               	bcf	3,5	;RP0=0, select bank0
   535  005B  1303               	bcf	3,6	;RP1=0, select bank0
   536  005C  07B7               	addwf	main@i,f
   537  005D  1803               	skipnc
   538  005E  0AB8               	incf	main@i+1,f
   539  005F  3000               	movlw	0
   540  0060  07B8               	addwf	main@i+1,f
   541  0061  2848               	goto	l867
   542  0062                     l869:	
   543                           
   544                           ;main_sla.c: 57: }
   545                           ;main_sla.c: 58: putch('\r');
   546  0062  300D               	movlw	13
   547  0063  120A  118A  2175  120A  118A  	fcall	_putch
   548                           
   549                           ;main_sla.c: 59: putch('\n');
   550  0068  300A               	movlw	10
   551  0069  120A  118A  2175  120A  118A  	fcall	_putch
   552  006E  2831               	goto	l853
   553  006F                     __end_of_main:	
   554                           
   555                           	psect	text1
   556  013C                     __ptext1:	
   557 ;; *************** function _uart_init *****************
   558 ;; Defined at:
   559 ;;		line 30 in file "uart_serial.c"
   560 ;; Parameters:    Size  Location     Type
   561 ;;		None
   562 ;; Auto vars:     Size  Location     Type
   563 ;;		None
   564 ;; Return value:  Size  Location     Type
   565 ;;		None               void
   566 ;; Registers used:
   567 ;;		wreg
   568 ;; Tracked objects:
   569 ;;		On entry : 0/0
   570 ;;		On exit  : 0/0
   571 ;;		Unchanged: 0/0
   572 ;; Data sizes:     COMMON   BANK0   BANK1   BANK3   BANK2
   573 ;;      Params:         0       0       0       0       0
   574 ;;      Locals:         0       0       0       0       0
   575 ;;      Temps:          0       0       0       0       0
   576 ;;      Totals:         0       0       0       0       0
   577 ;;Total ram usage:        0 bytes
   578 ;; Hardware stack levels used:    1
   579 ;; Hardware stack levels required when called:    2
   580 ;; This function calls:
   581 ;;		Nothing
   582 ;; This function is called by:
   583 ;;		_main
   584 ;; This function uses a non-reentrant model
   585 ;;
   586                           
   587                           
   588                           ;psect for function _uart_init
   589  013C                     _uart_init:	
   590                           
   591                           ;uart_serial.c: 32: TRISC7 = 1;
   592                           
   593                           ;incstack = 0
   594                           ; Regs used in _uart_init: [wreg]
   595  013C  1683               	bsf	3,5	;RP0=1, select bank1
   596  013D  1303               	bcf	3,6	;RP1=0, select bank1
   597  013E  1787               	bsf	7,7	;volatile
   598                           
   599                           ;uart_serial.c: 33: SPBRG = ((unsigned char)(((20000000 / 16) / 9600) - 1));
   600  013F  3081               	movlw	129
   601  0140  0099               	movwf	25	;volatile
   602                           
   603                           ;uart_serial.c: 34: TXSTA = (0x00 | 0x04 | 0x20);
   604  0141  3024               	movlw	36
   605  0142  0098               	movwf	24	;volatile
   606                           
   607                           ;uart_serial.c: 35: RCSTA = (0x00 | 0x90);
   608  0143  3090               	movlw	144
   609  0144  1283               	bcf	3,5	;RP0=0, select bank0
   610  0145  1303               	bcf	3,6	;RP1=0, select bank0
   611  0146  0098               	movwf	24	;volatile
   612  0147  0008               	return
   613  0148                     __end_of_uart_init:	
   614                           
   615                           	psect	text2
   616  00C7                     __ptext2:	
   617 ;; *************** function _spi_init *****************
   618 ;; Defined at:
   619 ;;		line 33 in file "spi_slave.c"
   620 ;; Parameters:    Size  Location     Type
   621 ;;		None
   622 ;; Auto vars:     Size  Location     Type
   623 ;;		None
   624 ;; Return value:  Size  Location     Type
   625 ;;		None               void
   626 ;; Registers used:
   627 ;;		wreg, status,2
   628 ;; Tracked objects:
   629 ;;		On entry : 0/0
   630 ;;		On exit  : 0/0
   631 ;;		Unchanged: 0/0
   632 ;; Data sizes:     COMMON   BANK0   BANK1   BANK3   BANK2
   633 ;;      Params:         0       0       0       0       0
   634 ;;      Locals:         0       0       0       0       0
   635 ;;      Temps:          0       0       0       0       0
   636 ;;      Totals:         0       0       0       0       0
   637 ;;Total ram usage:        0 bytes
   638 ;; Hardware stack levels used:    1
   639 ;; Hardware stack levels required when called:    2
   640 ;; This function calls:
   641 ;;		Nothing
   642 ;; This function is called by:
   643 ;;		_main
   644 ;; This function uses a non-reentrant model
   645 ;;
   646                           
   647                           
   648                           ;psect for function _spi_init
   649  00C7                     _spi_init:	
   650                           
   651                           ;spi_slave.c: 35: ADCON1 = 7;
   652                           
   653                           ;incstack = 0
   654                           ; Regs used in _spi_init: [wreg+status,2]
   655  00C7  3007               	movlw	7
   656  00C8  1683               	bsf	3,5	;RP0=1, select bank1
   657  00C9  1303               	bcf	3,6	;RP1=0, select bank1
   658  00CA  009F               	movwf	31	;volatile
   659                           
   660                           ;spi_slave.c: 38: T1CONbits.T1CKPS1 = 0;
   661  00CB  1283               	bcf	3,5	;RP0=0, select bank0
   662  00CC  1303               	bcf	3,6	;RP1=0, select bank0
   663  00CD  1290               	bcf	16,5	;volatile
   664                           
   665                           ;spi_slave.c: 39: T1CONbits.T1CKPS0 = 0;
   666  00CE  1210               	bcf	16,4	;volatile
   667                           
   668                           ;spi_slave.c: 41: INTCON = 0;
   669  00CF  018B               	clrf	11	;volatile
   670                           
   671                           ;spi_slave.c: 42: TRISC3 = 1;
   672  00D0  1683               	bsf	3,5	;RP0=1, select bank1
   673  00D1  1303               	bcf	3,6	;RP1=0, select bank1
   674  00D2  1587               	bsf	7,3	;volatile
   675                           
   676                           ;spi_slave.c: 43: TRISA5 = 1;
   677  00D3  1685               	bsf	5,5	;volatile
   678                           
   679                           ;spi_slave.c: 44: TRISC2 = 1;
   680  00D4  1507               	bsf	7,2	;volatile
   681                           
   682                           ;spi_slave.c: 46: TRISC5 = 0;
   683  00D5  1287               	bcf	7,5	;volatile
   684                           
   685                           ;spi_slave.c: 47: SSPEN = 0;
   686  00D6  1283               	bcf	3,5	;RP0=0, select bank0
   687  00D7  1303               	bcf	3,6	;RP1=0, select bank0
   688  00D8  1294               	bcf	20,5	;volatile
   689                           
   690                           ;spi_slave.c: 48: SMP = 0;
   691  00D9  1683               	bsf	3,5	;RP0=1, select bank1
   692  00DA  1303               	bcf	3,6	;RP1=0, select bank1
   693  00DB  1394               	bcf	20,7	;volatile
   694                           
   695                           ;spi_slave.c: 49: CKP = 1;
   696  00DC  1283               	bcf	3,5	;RP0=0, select bank0
   697  00DD  1303               	bcf	3,6	;RP1=0, select bank0
   698  00DE  1614               	bsf	20,4	;volatile
   699                           
   700                           ;spi_slave.c: 50: CKE = 1;
   701  00DF  1683               	bsf	3,5	;RP0=1, select bank1
   702  00E0  1303               	bcf	3,6	;RP1=0, select bank1
   703  00E1  1714               	bsf	20,6	;volatile
   704                           
   705                           ;spi_slave.c: 53: SSPM3 = 0;
   706  00E2  1283               	bcf	3,5	;RP0=0, select bank0
   707  00E3  1303               	bcf	3,6	;RP1=0, select bank0
   708  00E4  1194               	bcf	20,3	;volatile
   709                           
   710                           ;spi_slave.c: 54: SSPM2 = 1;
   711  00E5  1514               	bsf	20,2	;volatile
   712                           
   713                           ;spi_slave.c: 55: SSPM1 = 0;
   714  00E6  1094               	bcf	20,1	;volatile
   715                           
   716                           ;spi_slave.c: 56: SSPM0 = 1;
   717  00E7  1414               	bsf	20,0	;volatile
   718                           
   719                           ;spi_slave.c: 58: SSPIF = 0;
   720  00E8  118C               	bcf	12,3	;volatile
   721                           
   722                           ;spi_slave.c: 59: SSPEN = 1;
   723  00E9  1694               	bsf	20,5	;volatile
   724  00EA  0008               	return
   725  00EB                     __end_of_spi_init:	
   726                           
   727                           	psect	text3
   728  00EB                     __ptext3:	
   729 ;; *************** function _printf *****************
   730 ;; Defined at:
   731 ;;		line 464 in file "C:\Program Files (x86)\Microchip\xc8\v1.35\sources\common\doprnt.c"
   732 ;; Parameters:    Size  Location     Type
   733 ;;  f               1    wreg     PTR const unsigned char 
   734 ;;		 -> STR_3(10), STR_2(11), STR_1(13), 
   735 ;; Auto vars:     Size  Location     Type
   736 ;;  f               1    2[BANK0 ] PTR const unsigned char 
   737 ;;		 -> STR_3(10), STR_2(11), STR_1(13), 
   738 ;;  tmpval          4    0        struct .
   739 ;;  cp              2    0        PTR const unsigned char 
   740 ;;  len             2    0        unsigned int 
   741 ;;  val             2    0        unsigned int 
   742 ;;  c               1    1[BANK0 ] char 
   743 ;;  ap              1    0[BANK0 ] PTR void [1]
   744 ;;		 -> ?_printf(2), 
   745 ;;  flag            1    0        unsigned char 
   746 ;;  prec            1    0        char 
   747 ;; Return value:  Size  Location     Type
   748 ;;                  2   14[None  ] int 
   749 ;; Registers used:
   750 ;;		wreg, fsr0l, fsr0h, status,2, status,0, pclath, cstack
   751 ;; Tracked objects:
   752 ;;		On entry : 0/0
   753 ;;		On exit  : 0/0
   754 ;;		Unchanged: 0/0
   755 ;; Data sizes:     COMMON   BANK0   BANK1   BANK3   BANK2
   756 ;;      Params:         0       0       0       0       0
   757 ;;      Locals:         0       3       0       0       0
   758 ;;      Temps:          1       0       0       0       0
   759 ;;      Totals:         1       3       0       0       0
   760 ;;Total ram usage:        4 bytes
   761 ;; Hardware stack levels used:    1
   762 ;; Hardware stack levels required when called:    3
   763 ;; This function calls:
   764 ;;		_putch
   765 ;; This function is called by:
   766 ;;		_main
   767 ;; This function uses a non-reentrant model
   768 ;;
   769                           
   770                           
   771                           ;psect for function _printf
   772  00EB                     _printf:	
   773                           
   774                           ;incstack = 0
   775                           ; Regs used in _printf: [wreg-fsr0h+status,2+status,0+pclath+cstack]
   776                           ;printf@f stored from wreg
   777  00EB  1283               	bcf	3,5	;RP0=0, select bank0
   778  00EC  1303               	bcf	3,6	;RP1=0, select bank0
   779  00ED  00A2               	movwf	printf@f
   780                           
   781                           ;doprnt.c: 466: va_list ap;
   782                           ;doprnt.c: 499: signed char c;
   783                           ;doprnt.c: 506: signed char prec;
   784                           ;doprnt.c: 508: unsigned char flag;
   785                           ;doprnt.c: 523: union {
   786                           ;doprnt.c: 524: unsigned long vd;
   787                           ;doprnt.c: 525: double integ;
   788                           ;doprnt.c: 526: } tmpval;
   789                           ;doprnt.c: 528: unsigned int val;
   790                           ;doprnt.c: 529: unsigned len;
   791                           ;doprnt.c: 530: const char * cp;
   792                           ;doprnt.c: 533: *ap = __va_start();
   793  00EE  3070               	movlw	(low (?_printf| 0))& (0+255)
   794  00EF  00F7               	movwf	??_printf
   795  00F0  0877               	movf	??_printf,w
   796  00F1  00A0               	movwf	printf@ap
   797  00F2                     l829:	
   798                           ;doprnt.c: 543: }
   799                           ;doprnt.c: 1422: {
   800                           
   801                           ;doprnt.c: 542: continue;
   802                           
   803                           ;doprnt.c: 536: while(c = *f++) {
   804                           
   805  00F2  3001               	movlw	1
   806  00F3  1283               	bcf	3,5	;RP0=0, select bank0
   807  00F4  1303               	bcf	3,6	;RP1=0, select bank0
   808  00F5  07A2               	addwf	printf@f,f
   809  00F6  30FF               	movlw	-1
   810  00F7  0722               	addwf	printf@f,w
   811  00F8  0084               	movwf	4
   812  00F9  120A  118A  209F  120A  118A  	fcall	stringdir
   813  00FE  00F7               	movwf	??_printf
   814  00FF  0877               	movf	??_printf,w
   815  0100  00A1               	movwf	printf@c
   816  0101  0821               	movf	printf@c,w
   817  0102  1903               	btfsc	3,2
   818  0103  0008               	return
   819                           
   820                           ;doprnt.c: 540: {
   821                           ;doprnt.c: 541: (putch(c) );
   822  0104  0821               	movf	printf@c,w
   823  0105  120A  118A  2175  120A  118A  	fcall	_putch
   824  010A  28F2               	goto	l829
   825  010B                     __end_of_printf:	
   826                           ;doprnt.c: 1469: }
   827                           ;doprnt.c: 1533: }
   828                           ;doprnt.c: 1540: return 0;
   829                           ;	Return value of _printf is never used
   830                           
   831                           
   832                           	psect	text4
   833  0175                     __ptext4:	
   834 ;; *************** function _putch *****************
   835 ;; Defined at:
   836 ;;		line 38 in file "uart_serial.c"
   837 ;; Parameters:    Size  Location     Type
   838 ;;  byte            1    wreg     unsigned char 
   839 ;; Auto vars:     Size  Location     Type
   840 ;;  byte            1    6[COMMON] unsigned char 
   841 ;; Return value:  Size  Location     Type
   842 ;;		None               void
   843 ;; Registers used:
   844 ;;		wreg
   845 ;; Tracked objects:
   846 ;;		On entry : 0/0
   847 ;;		On exit  : 0/0
   848 ;;		Unchanged: 0/0
   849 ;; Data sizes:     COMMON   BANK0   BANK1   BANK3   BANK2
   850 ;;      Params:         0       0       0       0       0
   851 ;;      Locals:         1       0       0       0       0
   852 ;;      Temps:          0       0       0       0       0
   853 ;;      Totals:         1       0       0       0       0
   854 ;;Total ram usage:        1 bytes
   855 ;; Hardware stack levels used:    1
   856 ;; Hardware stack levels required when called:    2
   857 ;; This function calls:
   858 ;;		Nothing
   859 ;; This function is called by:
   860 ;;		_main
   861 ;;		_printf
   862 ;;		_getche
   863 ;; This function uses a non-reentrant model
   864 ;;
   865                           
   866                           
   867                           ;psect for function _putch
   868  0175                     _putch:	
   869                           
   870                           ;incstack = 0
   871                           ; Regs used in _putch: [wreg]
   872                           ;putch@byte stored from wreg
   873  0175  00F6               	movwf	putch@byte
   874  0176                     l133:	
   875                           ;uart_serial.c: 40: while(!TXIF){
   876                           
   877  0176  1283               	bcf	3,5	;RP0=0, select bank0
   878  0177  1303               	bcf	3,6	;RP1=0, select bank0
   879  0178  1E0C               	btfss	12,4	;volatile
   880  0179  2976               	goto	l133
   881                           
   882                           ;uart_serial.c: 41: }
   883                           ;uart_serial.c: 42: TXREG = byte;
   884  017A  0876               	movf	putch@byte,w
   885  017B  0099               	movwf	25	;volatile
   886  017C  0008               	return
   887  017D                     __end_of_putch:	
   888                           
   889                           	psect	text5
   890  006F                     __ptext5:	
   891 ;; *************** function _data_receuve *****************
   892 ;; Defined at:
   893 ;;		line 182 in file "spi_slave.c"
   894 ;; Parameters:    Size  Location     Type
   895 ;;  data            1    wreg     PTR unsigned char 
   896 ;;		 -> main@w(20), 
   897 ;; Auto vars:     Size  Location     Type
   898 ;;  data            1    0[BANK0 ] PTR unsigned char 
   899 ;;		 -> main@w(20), 
   900 ;;  i               2    1[BANK0 ] int 
   901 ;; Return value:  Size  Location     Type
   902 ;;		None               void
   903 ;; Registers used:
   904 ;;		wreg, fsr0l, fsr0h, status,2, status,0, btemp+1, pclath, cstack
   905 ;; Tracked objects:
   906 ;;		On entry : 0/0
   907 ;;		On exit  : 0/0
   908 ;;		Unchanged: 0/0
   909 ;; Data sizes:     COMMON   BANK0   BANK1   BANK3   BANK2
   910 ;;      Params:         0       0       0       0       0
   911 ;;      Locals:         0       3       0       0       0
   912 ;;      Temps:          2       0       0       0       0
   913 ;;      Totals:         2       3       0       0       0
   914 ;;Total ram usage:        5 bytes
   915 ;; Hardware stack levels used:    1
   916 ;; Hardware stack levels required when called:    4
   917 ;; This function calls:
   918 ;;		_spi_receive
   919 ;; This function is called by:
   920 ;;		_main
   921 ;; This function uses a non-reentrant model
   922 ;;
   923                           
   924                           
   925                           ;psect for function _data_receuve
   926  006F                     _data_receuve:	
   927                           
   928                           ;incstack = 0
   929                           ; Regs used in _data_receuve: [wreg-fsr0h+status,2+status,0+btemp+1+pclath+cstack]
   930                           ;data_receuve@data stored from wreg
   931  006F  1283               	bcf	3,5	;RP0=0, select bank0
   932  0070  1303               	bcf	3,6	;RP1=0, select bank0
   933  0071  00A0               	movwf	data_receuve@data
   934                           
   935                           ;spi_slave.c: 183: int i = 0;
   936  0072  01A1               	clrf	data_receuve@i
   937  0073  01A2               	clrf	data_receuve@i+1
   938                           
   939                           ;spi_slave.c: 184: RA1 = 0;
   940  0074  1085               	bcf	5,1	;volatile
   941  0075                     l103:	
   942                           ;spi_slave.c: 185: while(RA5==1){;}
   943                           
   944  0075  1E85               	btfss	5,5	;volatile
   945  0076  2880               	goto	l837
   946  0077  2875               	goto	l103
   947  0078                     l835:	
   948                           ;spi_slave.c: 188: while((data[i] = spi_receive()) != '\0' && i < 20){
   949                           
   950                           
   951                           ;spi_slave.c: 189: i++;
   952  0078  3001               	movlw	1
   953  0079  1283               	bcf	3,5	;RP0=0, select bank0
   954  007A  1303               	bcf	3,6	;RP1=0, select bank0
   955  007B  07A1               	addwf	data_receuve@i,f
   956  007C  1803               	skipnc
   957  007D  0AA2               	incf	data_receuve@i+1,f
   958  007E  3000               	movlw	0
   959  007F  07A2               	addwf	data_receuve@i+1,f
   960  0080                     l837:	
   961  0080  120A  118A  2125  120A  118A  	fcall	_spi_receive
   962  0085  00F6               	movwf	??_data_receuve
   963  0086  1283               	bcf	3,5	;RP0=0, select bank0
   964  0087  1303               	bcf	3,6	;RP1=0, select bank0
   965  0088  0821               	movf	data_receuve@i,w
   966  0089  0720               	addwf	data_receuve@data,w
   967  008A  00F7               	movwf	??_data_receuve+1
   968  008B  0877               	movf	??_data_receuve+1,w
   969  008C  0084               	movwf	4
   970  008D  0876               	movf	??_data_receuve,w
   971  008E  1383               	bcf	3,7	;select IRP bank0
   972  008F  0080               	movwf	0
   973  0090  0800               	movf	0,w
   974  0091  1903               	btfsc	3,2
   975  0092  0008               	return
   976  0093  0822               	movf	data_receuve@i+1,w
   977  0094  3A80               	xorlw	128
   978  0095  00FF               	movwf	127
   979  0096  3080               	movlw	128
   980  0097  027F               	subwf	127,w
   981  0098  1D03               	skipz
   982  0099  289C               	goto	u175
   983  009A  3014               	movlw	20
   984  009B  0221               	subwf	data_receuve@i,w
   985  009C                     u175:	
   986  009C  1803               	btfsc	3,0
   987  009D  0008               	return
   988  009E  2878               	goto	l835
   989  009F                     __end_of_data_receuve:	
   990                           
   991                           	psect	text6
   992  0125                     __ptext6:	
   993 ;; *************** function _spi_receive *****************
   994 ;; Defined at:
   995 ;;		line 160 in file "spi_slave.c"
   996 ;; Parameters:    Size  Location     Type
   997 ;;		None
   998 ;; Auto vars:     Size  Location     Type
   999 ;;		None
  1000 ;; Return value:  Size  Location     Type
  1001 ;;                  1    wreg      unsigned char 
  1002 ;; Registers used:
  1003 ;;		wreg, status,2, status,0, pclath, cstack
  1004 ;; Tracked objects:
  1005 ;;		On entry : 0/0
  1006 ;;		On exit  : 0/0
  1007 ;;		Unchanged: 0/0
  1008 ;; Data sizes:     COMMON   BANK0   BANK1   BANK3   BANK2
  1009 ;;      Params:         0       0       0       0       0
  1010 ;;      Locals:         0       0       0       0       0
  1011 ;;      Temps:          0       0       0       0       0
  1012 ;;      Totals:         0       0       0       0       0
  1013 ;;Total ram usage:        0 bytes
  1014 ;; Hardware stack levels used:    1
  1015 ;; Hardware stack levels required when called:    3
  1016 ;; This function calls:
  1017 ;;		_timer_off
  1018 ;;		_timer_on
  1019 ;; This function is called by:
  1020 ;;		_data_receuve
  1021 ;; This function uses a non-reentrant model
  1022 ;;
  1023                           
  1024                           
  1025                           ;psect for function _spi_receive
  1026  0125                     _spi_receive:	
  1027                           
  1028                           ;spi_slave.c: 162: if(RA5 == 0){
  1029                           
  1030                           ;incstack = 0
  1031                           ; Regs used in _spi_receive: [wreg+status,2+status,0+pclath+cstack]
  1032  0125  1283               	bcf	3,5	;RP0=0, select bank0
  1033  0126  1303               	bcf	3,6	;RP1=0, select bank0
  1034  0127  1E85               	btfss	5,5	;volatile
  1035  0128  292F               	goto	l773
  1036  0129  293A               	goto	l781
  1037  012A                     l771:	
  1038                           ;spi_slave.c: 163: while(BF==0){
  1039                           
  1040                           
  1041                           ;spi_slave.c: 164: timer_on();
  1042  012A  120A  118A  216C  120A  118A  	fcall	_timer_on
  1043  012F                     l773:	
  1044  012F  1683               	bsf	3,5	;RP0=1, select bank1
  1045  0130  1303               	bcf	3,6	;RP1=0, select bank1
  1046  0131  1C14               	btfss	20,0	;volatile
  1047  0132  292A               	goto	l771
  1048                           
  1049                           ;spi_slave.c: 165: }
  1050                           ;spi_slave.c: 166: timer_off();
  1051  0133  120A  118A  2148   	fcall	_timer_off
  1052                           
  1053                           ;spi_slave.c: 167: return SSPBUF;
  1054  0136  1283               	bcf	3,5	;RP0=0, select bank0
  1055  0137  1303               	bcf	3,6	;RP1=0, select bank0
  1056  0138  0813               	movf	19,w	;volatile
  1057  0139  0008               	return
  1058  013A                     l781:	
  1059                           
  1060                           ;spi_slave.c: 168: }
  1061                           ;spi_slave.c: 169: return 0;
  1062  013A  3000               	movlw	0
  1063  013B  0008               	return
  1064  013C                     __end_of_spi_receive:	
  1065                           
  1066                           	psect	text7
  1067  016C                     __ptext7:	
  1068 ;; *************** function _timer_on *****************
  1069 ;; Defined at:
  1070 ;;		line 120 in file "spi_slave.c"
  1071 ;; Parameters:    Size  Location     Type
  1072 ;;		None
  1073 ;; Auto vars:     Size  Location     Type
  1074 ;;		None
  1075 ;; Return value:  Size  Location     Type
  1076 ;;		None               void
  1077 ;; Registers used:
  1078 ;;		None
  1079 ;; Tracked objects:
  1080 ;;		On entry : 0/0
  1081 ;;		On exit  : 0/0
  1082 ;;		Unchanged: 0/0
  1083 ;; Data sizes:     COMMON   BANK0   BANK1   BANK3   BANK2
  1084 ;;      Params:         0       0       0       0       0
  1085 ;;      Locals:         0       0       0       0       0
  1086 ;;      Temps:          0       0       0       0       0
  1087 ;;      Totals:         0       0       0       0       0
  1088 ;;Total ram usage:        0 bytes
  1089 ;; Hardware stack levels used:    1
  1090 ;; Hardware stack levels required when called:    2
  1091 ;; This function calls:
  1092 ;;		Nothing
  1093 ;; This function is called by:
  1094 ;;		_spi_receive
  1095 ;; This function uses a non-reentrant model
  1096 ;;
  1097                           
  1098                           
  1099                           ;psect for function _timer_on
  1100  016C                     _timer_on:	
  1101                           
  1102                           ;spi_slave.c: 122: PIE1bits.TMR1IE = 1;
  1103                           
  1104                           ;incstack = 0
  1105                           ; Regs used in _timer_on: []
  1106  016C  1683               	bsf	3,5	;RP0=1, select bank1
  1107  016D  1303               	bcf	3,6	;RP1=0, select bank1
  1108  016E  140C               	bsf	12,0	;volatile
  1109                           
  1110                           ;spi_slave.c: 123: T1CONbits.TMR1ON = 1;
  1111  016F  1283               	bcf	3,5	;RP0=0, select bank0
  1112  0170  1303               	bcf	3,6	;RP1=0, select bank0
  1113  0171  1410               	bsf	16,0	;volatile
  1114                           
  1115                           ;spi_slave.c: 124: INTCONbits.PEIE = 1;
  1116  0172  170B               	bsf	11,6	;volatile
  1117                           
  1118                           ;spi_slave.c: 125: INTCONbits.GIE = 1;
  1119  0173  178B               	bsf	11,7	;volatile
  1120  0174  0008               	return
  1121  0175                     __end_of_timer_on:	
  1122                           
  1123                           	psect	text8
  1124  0148                     __ptext8:	
  1125 ;; *************** function _timer_off *****************
  1126 ;; Defined at:
  1127 ;;		line 140 in file "spi_slave.c"
  1128 ;; Parameters:    Size  Location     Type
  1129 ;;		None
  1130 ;; Auto vars:     Size  Location     Type
  1131 ;;		None
  1132 ;; Return value:  Size  Location     Type
  1133 ;;		None               void
  1134 ;; Registers used:
  1135 ;;		None
  1136 ;; Tracked objects:
  1137 ;;		On entry : 0/0
  1138 ;;		On exit  : 0/0
  1139 ;;		Unchanged: 0/0
  1140 ;; Data sizes:     COMMON   BANK0   BANK1   BANK3   BANK2
  1141 ;;      Params:         0       0       0       0       0
  1142 ;;      Locals:         0       0       0       0       0
  1143 ;;      Temps:          0       0       0       0       0
  1144 ;;      Totals:         0       0       0       0       0
  1145 ;;Total ram usage:        0 bytes
  1146 ;; Hardware stack levels used:    1
  1147 ;; Hardware stack levels required when called:    2
  1148 ;; This function calls:
  1149 ;;		Nothing
  1150 ;; This function is called by:
  1151 ;;		_spi_receive
  1152 ;; This function uses a non-reentrant model
  1153 ;;
  1154                           
  1155                           
  1156                           ;psect for function _timer_off
  1157  0148                     _timer_off:	
  1158                           
  1159                           ;spi_slave.c: 142: PIR1bits.TMR1IF = 0;
  1160                           
  1161                           ;incstack = 0
  1162                           ; Regs used in _timer_off: []
  1163  0148  1283               	bcf	3,5	;RP0=0, select bank0
  1164  0149  1303               	bcf	3,6	;RP1=0, select bank0
  1165  014A  100C               	bcf	12,0	;volatile
  1166                           
  1167                           ;spi_slave.c: 143: PIE1bits.TMR1IE = 0;
  1168  014B  1683               	bsf	3,5	;RP0=1, select bank1
  1169  014C  1303               	bcf	3,6	;RP1=0, select bank1
  1170  014D  100C               	bcf	12,0	;volatile
  1171                           
  1172                           ;spi_slave.c: 144: T1CONbits.TMR1ON = 0;
  1173  014E  1283               	bcf	3,5	;RP0=0, select bank0
  1174  014F  1303               	bcf	3,6	;RP1=0, select bank0
  1175  0150  1010               	bcf	16,0	;volatile
  1176                           
  1177                           ;spi_slave.c: 145: INTCONbits.PEIE = 0;
  1178  0151  130B               	bcf	11,6	;volatile
  1179                           
  1180                           ;spi_slave.c: 146: INTCONbits.GIE = 0;
  1181  0152  138B               	bcf	11,7	;volatile
  1182  0153  0008               	return
  1183  0154                     __end_of_timer_off:	
  1184                           
  1185                           	psect	text9
  1186  010B                     __ptext9:	
  1187 ;; *************** function _isr *****************
  1188 ;; Defined at:
  1189 ;;		line 74 in file "spi_slave.c"
  1190 ;; Parameters:    Size  Location     Type
  1191 ;;		None
  1192 ;; Auto vars:     Size  Location     Type
  1193 ;;		None
  1194 ;; Return value:  Size  Location     Type
  1195 ;;		None               void
  1196 ;; Registers used:
  1197 ;;		wreg, status,2, status,0, pclath, cstack
  1198 ;; Tracked objects:
  1199 ;;		On entry : 0/0
  1200 ;;		On exit  : 0/0
  1201 ;;		Unchanged: 0/0
  1202 ;; Data sizes:     COMMON   BANK0   BANK1   BANK3   BANK2
  1203 ;;      Params:         0       0       0       0       0
  1204 ;;      Locals:         0       0       0       0       0
  1205 ;;      Temps:          4       0       0       0       0
  1206 ;;      Totals:         4       0       0       0       0
  1207 ;;Total ram usage:        4 bytes
  1208 ;; Hardware stack levels used:    1
  1209 ;; Hardware stack levels required when called:    1
  1210 ;; This function calls:
  1211 ;;		_spi_reset
  1212 ;;		i1_timer_off
  1213 ;; This function is called by:
  1214 ;;		Interrupt level 1
  1215 ;; This function uses a non-reentrant model
  1216 ;;
  1217                           
  1218                           
  1219                           ;psect for function _isr
  1220  010B                     _isr:	
  1221                           
  1222                           ;spi_slave.c: 77: if (PIR1bits.TMR1IF == 1)
  1223  010B  1C0C               	btfss	12,0	;volatile
  1224  010C  2918               	goto	i1l84
  1225                           
  1226                           ;spi_slave.c: 78: {
  1227                           ;spi_slave.c: 79: PIR1bits.TMR1IF = 0;
  1228  010D  100C               	bcf	12,0	;volatile
  1229                           
  1230                           ;spi_slave.c: 80: spi_reset();
  1231  010E  120A  118A  2160  120A  118A  	fcall	_spi_reset
  1232                           
  1233                           ;spi_slave.c: 81: timer_off();
  1234  0113  120A  118A  2154  120A  118A  	fcall	i1_timer_off
  1235  0118                     i1l84:	
  1236  0118  0875               	movf	??_isr+3,w
  1237  0119  1283               	bcf	3,5	;RP0=0, select bank0
  1238  011A  1303               	bcf	3,6	;RP1=0, select bank0
  1239  011B  00FF               	movwf	127
  1240  011C  0874               	movf	??_isr+2,w
  1241  011D  008A               	movwf	10
  1242  011E  0873               	movf	??_isr+1,w
  1243  011F  0084               	movwf	4
  1244  0120  0E72               	swapf	??_isr^(0+-128),w
  1245  0121  0083               	movwf	3
  1246  0122  0EFE               	swapf	126,f
  1247  0123  0E7E               	swapf	126,w
  1248  0124  0009               	retfie
  1249  0125                     __end_of_isr:	
  1250                           
  1251                           	psect	intentry
  1252  0004                     __pintentry:	
  1253                           ;incstack = 0
  1254                           ; Regs used in _isr: [wreg+status,2+status,0+pclath+cstack]
  1255                           
  1256  0004                     interrupt_function:	
  1257  007E                     saved_w	set	btemp
  1258  0004  00FE               	movwf	btemp
  1259  0005  0E03               	swapf	3,w
  1260  0006  00F2               	movwf	??_isr
  1261  0007  0804               	movf	4,w
  1262  0008  00F3               	movwf	??_isr+1
  1263  0009  080A               	movf	10,w
  1264  000A  00F4               	movwf	??_isr+2
  1265  000B  1283               	bcf	3,5	;RP0=0, select bank0
  1266  000C  1303               	bcf	3,6	;RP1=0, select bank0
  1267  000D  087F               	movf	btemp+1,w
  1268  000E  00F5               	movwf	??_isr+3
  1269  000F  120A  118A  290B   	ljmp	_isr
  1270                           
  1271                           	psect	text10
  1272  0154                     __ptext10:	
  1273 ;; *************** function i1_timer_off *****************
  1274 ;; Defined at:
  1275 ;;		line 140 in file "spi_slave.c"
  1276 ;; Parameters:    Size  Location     Type
  1277 ;;		None
  1278 ;; Auto vars:     Size  Location     Type
  1279 ;;		None
  1280 ;; Return value:  Size  Location     Type
  1281 ;;		None               void
  1282 ;; Registers used:
  1283 ;;		None
  1284 ;; Tracked objects:
  1285 ;;		On entry : 0/0
  1286 ;;		On exit  : 0/0
  1287 ;;		Unchanged: 0/0
  1288 ;; Data sizes:     COMMON   BANK0   BANK1   BANK3   BANK2
  1289 ;;      Params:         0       0       0       0       0
  1290 ;;      Locals:         0       0       0       0       0
  1291 ;;      Temps:          0       0       0       0       0
  1292 ;;      Totals:         0       0       0       0       0
  1293 ;;Total ram usage:        0 bytes
  1294 ;; Hardware stack levels used:    1
  1295 ;; This function calls:
  1296 ;;		Nothing
  1297 ;; This function is called by:
  1298 ;;		_isr
  1299 ;; This function uses a non-reentrant model
  1300 ;;
  1301                           
  1302                           
  1303                           ;psect for function i1_timer_off
  1304  0154                     i1_timer_off:	
  1305                           
  1306                           ;spi_slave.c: 142: PIR1bits.TMR1IF = 0;
  1307                           
  1308                           ;incstack = 0
  1309                           ; Regs used in i1_timer_off: []
  1310  0154  1283               	bcf	3,5	;RP0=0, select bank0
  1311  0155  1303               	bcf	3,6	;RP1=0, select bank0
  1312  0156  100C               	bcf	12,0	;volatile
  1313                           
  1314                           ;spi_slave.c: 143: PIE1bits.TMR1IE = 0;
  1315  0157  1683               	bsf	3,5	;RP0=1, select bank1
  1316  0158  1303               	bcf	3,6	;RP1=0, select bank1
  1317  0159  100C               	bcf	12,0	;volatile
  1318                           
  1319                           ;spi_slave.c: 144: T1CONbits.TMR1ON = 0;
  1320  015A  1283               	bcf	3,5	;RP0=0, select bank0
  1321  015B  1303               	bcf	3,6	;RP1=0, select bank0
  1322  015C  1010               	bcf	16,0	;volatile
  1323                           
  1324                           ;spi_slave.c: 145: INTCONbits.PEIE = 0;
  1325  015D  130B               	bcf	11,6	;volatile
  1326                           
  1327                           ;spi_slave.c: 146: INTCONbits.GIE = 0;
  1328  015E  138B               	bcf	11,7	;volatile
  1329  015F  0008               	return
  1330  0160                     __end_ofi1_timer_off:	
  1331                           
  1332                           	psect	text11
  1333  0160                     __ptext11:	
  1334 ;; *************** function _spi_reset *****************
  1335 ;; Defined at:
  1336 ;;		line 97 in file "spi_slave.c"
  1337 ;; Parameters:    Size  Location     Type
  1338 ;;		None
  1339 ;; Auto vars:     Size  Location     Type
  1340 ;;  dummy           1    1[COMMON] unsigned char 
  1341 ;; Return value:  Size  Location     Type
  1342 ;;		None               void
  1343 ;; Registers used:
  1344 ;;		wreg
  1345 ;; Tracked objects:
  1346 ;;		On entry : 0/0
  1347 ;;		On exit  : 0/0
  1348 ;;		Unchanged: 0/0
  1349 ;; Data sizes:     COMMON   BANK0   BANK1   BANK3   BANK2
  1350 ;;      Params:         0       0       0       0       0
  1351 ;;      Locals:         1       0       0       0       0
  1352 ;;      Temps:          1       0       0       0       0
  1353 ;;      Totals:         2       0       0       0       0
  1354 ;;Total ram usage:        2 bytes
  1355 ;; Hardware stack levels used:    1
  1356 ;; This function calls:
  1357 ;;		Nothing
  1358 ;; This function is called by:
  1359 ;;		_isr
  1360 ;; This function uses a non-reentrant model
  1361 ;;
  1362                           
  1363                           
  1364                           ;psect for function _spi_reset
  1365  0160                     _spi_reset:	
  1366                           
  1367                           ;spi_slave.c: 99: unsigned char dummy;
  1368                           ;spi_slave.c: 100: SSPEN = 0;
  1369                           
  1370                           ;incstack = 0
  1371                           ; Regs used in _spi_reset: [wreg]
  1372  0160  1283               	bcf	3,5	;RP0=0, select bank0
  1373  0161  1303               	bcf	3,6	;RP1=0, select bank0
  1374  0162  1294               	bcf	20,5	;volatile
  1375                           
  1376                           ;spi_slave.c: 101: SSPEN = 1;
  1377  0163  1694               	bsf	20,5	;volatile
  1378                           
  1379                           ;spi_slave.c: 102: dummy = SSPBUF;
  1380  0164  0813               	movf	19,w	;volatile
  1381  0165  00F0               	movwf	??_spi_reset
  1382  0166  0870               	movf	??_spi_reset,w
  1383  0167  00F1               	movwf	spi_reset@dummy
  1384                           
  1385                           ;spi_slave.c: 103: SSPIF = 0;
  1386  0168  118C               	bcf	12,3	;volatile
  1387                           
  1388                           ;spi_slave.c: 104: SSPEN = 0;
  1389  0169  1294               	bcf	20,5	;volatile
  1390                           
  1391                           ;spi_slave.c: 105: SSPEN = 1;
  1392  016A  1694               	bsf	20,5	;volatile
  1393  016B  0008               	return
  1394  016C                     __end_of_spi_reset:	
  1395  007E                     btemp	set	126	;btemp
  1396  007E                     wtemp	set	126
  1397  007E                     wtemp0	set	126
  1398  0080                     wtemp1	set	128
  1399  0082                     wtemp2	set	130
  1400  0084                     wtemp3	set	132
  1401  0086                     wtemp4	set	134
  1402  0088                     wtemp5	set	136
  1403  007F                     wtemp6	set	127
  1404  007E                     ttemp	set	126
  1405  007E                     ttemp0	set	126
  1406  0081                     ttemp1	set	129
  1407  0084                     ttemp2	set	132
  1408  0087                     ttemp3	set	135
  1409  007F                     ttemp4	set	127
  1410  007E                     ltemp	set	126
  1411  007E                     ltemp0	set	126
  1412  0082                     ltemp1	set	130
  1413  0086                     ltemp2	set	134
  1414  0080                     ltemp3	set	128


Data Sizes:
    Strings     34
    Constant    0
    Data        0
    BSS         0
    Persistent  0
    Stack       0

Auto Spaces:
    Space          Size  Autos    Used
    COMMON           14      8       8
    BANK0            80     25      25
    BANK1            80      0       0
    BANK3            96      0       0
    BANK2            96      0       0

Pointer List with Targets:

    printf@f	PTR const unsigned char  size(1) Largest target is 13
		 -> STR_3(CODE[10]), STR_2(CODE[11]), STR_1(CODE[13]), 

    printf@ap	PTR void [1] size(1) Largest target is 2
		 -> ?_printf(COMMON[2]), 

    data_receuve@data	PTR unsigned char  size(1) Largest target is 20
		 -> main@w(BANK0[20]), 


Critical Paths under _main in COMMON

    _main->_data_receuve
    _main->_printf
    _printf->_putch

Critical Paths under _isr in COMMON

    _isr->_spi_reset

Critical Paths under _main in BANK0

    _main->_data_receuve
    _main->_printf

Critical Paths under _isr in BANK0

    None.

Critical Paths under _main in BANK1

    None.

Critical Paths under _isr in BANK1

    None.

Critical Paths under _main in BANK3

    None.

Critical Paths under _isr in BANK3

    None.

Critical Paths under _main in BANK2

    None.

Critical Paths under _isr in BANK2

    None.

Call Graph Tables:

 ---------------------------------------------------------------------------------
 (Depth) Function   	        Calls       Base Space   Used Autos Params    Refs
 ---------------------------------------------------------------------------------
 (0) _main                                                22    22      0     382
                                              3 BANK0     22    22      0
                       _data_receuve
                             _printf
                              _putch
                           _spi_init
                          _uart_init
 ---------------------------------------------------------------------------------
 (1) _uart_init                                            0     0      0       0
 ---------------------------------------------------------------------------------
 (1) _spi_init                                             0     0      0       0
 ---------------------------------------------------------------------------------
 (1) _printf                                              16    16      0     149
                                              7 COMMON     1     1      0
                                              0 BANK0      3     3      0
                              _putch
 ---------------------------------------------------------------------------------
 (1) _putch                                                1     1      0      22
                                              6 COMMON     1     1      0
 ---------------------------------------------------------------------------------
 (1) _data_receuve                                         5     5      0      95
                                              6 COMMON     2     2      0
                                              0 BANK0      3     3      0
                        _spi_receive
 ---------------------------------------------------------------------------------
 (2) _spi_receive                                          0     0      0       0
                          _timer_off
                           _timer_on
 ---------------------------------------------------------------------------------
 (3) _timer_on                                             0     0      0       0
 ---------------------------------------------------------------------------------
 (3) _timer_off                                            0     0      0       0
 ---------------------------------------------------------------------------------
 Estimated maximum stack depth 3
 ---------------------------------------------------------------------------------
 (Depth) Function   	        Calls       Base Space   Used Autos Params    Refs
 ---------------------------------------------------------------------------------
 (4) _isr                                                  4     4      0       0
                                              2 COMMON     4     4      0
                          _spi_reset
                        i1_timer_off
 ---------------------------------------------------------------------------------
 (5) i1_timer_off                                          0     0      0       0
 ---------------------------------------------------------------------------------
 (5) _spi_reset                                            2     2      0       0
                                              0 COMMON     2     2      0
 ---------------------------------------------------------------------------------
 Estimated maximum stack depth 5
 ---------------------------------------------------------------------------------

 Call Graph Graphs:

 _main (ROOT)
   _data_receuve
     _spi_receive
       _timer_off
       _timer_on
   _printf
     _putch
   _putch
   _spi_init
   _uart_init

 _isr (ROOT)
   _spi_reset
   i1_timer_off

 Address spaces:
Name               Size   Autos  Total    Cost      Usage
BITCOMMON            E      0       0       0        0.0%
EEDATA             100      0       0       0        0.0%
NULL                 0      0       0       0        0.0%
CODE                 0      0       0       0        0.0%
COMMON               E      8       8       1       57.1%
BITSFR0              0      0       0       1        0.0%
SFR0                 0      0       0       1        0.0%
BITSFR1              0      0       0       2        0.0%
SFR1                 0      0       0       2        0.0%
STACK                0      0       0       2        0.0%
ABS                  0      0       0       3        0.0%
BITBANK0            50      0       0       4        0.0%
BITSFR3              0      0       0       4        0.0%
SFR3                 0      0       0       4        0.0%
BANK0               50     19      19       5       31.3%
BITSFR2              0      0       0       5        0.0%
SFR2                 0      0       0       5        0.0%
BITBANK1            50      0       0       6        0.0%
BANK1               50      0       0       7        0.0%
BITBANK3            60      0       0       8        0.0%
BANK3               60      0       0       9        0.0%
BITBANK2            60      0       0      10        0.0%
BANK2               60      0       0      11        0.0%
DATA                 0      0       0      12        0.0%


Microchip Technology PIC Macro Assembler V1.35 build -356382666 
Symbol Table                                                                                   Wed Dec 23 17:54:53 2015

                      pc 0002      __end_ofi1_timer_off 0160              __CFG_CP$OFF 0000  
                     _BF 04A0                       fsr 0004                      l103 0075  
                    l133 0176                      l771 012A                      l835 0078  
                    l773 012F                      l781 013A                      l837 0080  
                    l829 00F2                      l853 0031                      _CKE 04A6  
                    l867 0048                      l869 0062                      _CKP 00A4  
                    _RA1 0029                      _RA5 002D                      u175 009C  
           __CFG_CPD$OFF 0000                      _SMP 04A7                      _isr 010B  
                    fsr0 0004                      indf 0000             __CFG_FOSC$HS 0000  
           __CFG_LVP$OFF 0000                     ?_isr 0070                     STR_1 00A5  
                   STR_2 00B2                     STR_3 00BD                     _RCIF 0065  
                   i1l84 0118     __end_of_data_receuve 009F                     _TXIF 0064  
           __CFG_WRT$OFF 0000                     _main 0019                     btemp 007E  
          __CFG_BOREN$ON 0000                     ltemp 007E                     start 0012  
                   ttemp 007E                     wtemp 007E                    ??_isr 0072  
                  ?_main 0070            __CFG_WDTE$OFF 0000                    _RCREG 001A  
                  _RCSTA 0018                    _SPBRG 0099                    _PORTA 0005  
                  _SSPM0 00A0                    _SSPM1 00A1                    _SSPM2 00A2  
                  _SSPM3 00A3                    _TRISA 0085                    _SSPIF 0063  
                  _SSPEN 00A5                    _TXREG 0019                    _TXSTA 0098  
          __CFG_PWRTE$ON 0000                    _putch 0175                    main@i 0037  
                  main@w 0023                    pclath 000A                    ltemp0 007E  
                  ltemp1 0082                    ltemp2 0086                    ltemp3 0080  
                  ttemp0 007E                    ttemp1 0081                    ttemp2 0084  
                  ttemp3 0087                    ttemp4 007F                    status 0003  
                  wtemp0 007E                    wtemp1 0080                    wtemp2 0082  
                  wtemp3 0084                    wtemp4 0086                    wtemp5 0088  
                  wtemp6 007F              i1_timer_off 0154          __initialization 0015  
           __end_of_main 006F                   ??_main 0078         data_receuve@data 0020  
                 _ADCON1 009F                   ?_putch 0070                   _INTCON 000B  
                 _TRISA5 042D                   _TRISC2 043A                   _TRISC3 043B  
                 _TRISC5 043D                   _TRISC7 043F                   _SSPBUF 0013  
                 _printf 00EB                   saved_w 007E         __end_of_timer_on 0175  
  __size_of_data_receuve 0030         __end_of_spi_init 00EB             ?_spi_receive 0070  
__end_of__initialization 0015           __pcstackCOMMON 0070            __end_of_putch 017D  
           _data_receuve 006F                  ??_putch 0076               __pmaintext 0019  
         spi_reset@dummy 0071               __pintentry 0004                  ?_printf 0070  
     __size_of_uart_init 000C       __size_of_timer_off 000C       __size_of_spi_reset 000C  
             __stringtab 009F             ?i1_timer_off 0070            data_receuve@i 0021  
              ?_timer_on 0070                ?_spi_init 0070                  __ptext1 013C  
                __ptext2 00C7                  __ptext3 00EB                  __ptext4 0175  
                __ptext5 006F                  __ptext6 0125                  __ptext7 016C  
                __ptext8 0148                  __ptext9 010B          __size_of_printf 0020  
              _T1CONbits 0010             __size_of_isr 001A     end_of_initialization 0015  
   __size_of_spi_receive 0017        __end_of_uart_init 0148        __end_of_timer_off 0154  
      __end_of_spi_reset 016C                  printf@c 0021                  printf@f 0022  
             ??_timer_on 0076               ??_spi_init 0076           __end_of_printf 010B  
    start_initialization 0015              __end_of_isr 0125     __size_ofi1_timer_off 000C  
               ??_printf 0077                ___latbits 0002            __pcstackBANK0 0020  
      __size_of_timer_on 0009        __size_of_spi_init 0024                __pstrings 009F  
         __size_of_putch 0008        interrupt_function 0004                 _PIE1bits 008C  
               _PIR1bits 000C                _uart_init 013C                _timer_off 0148  
              _spi_reset 0160              __stringbase 00A4            ??_spi_receive 0076  
             ?_uart_init 0070               ?_timer_off 0070            ?_data_receuve 0070  
             ?_spi_reset 0070       __end_of__stringtab 00A5                 __ptext10 0154  
               __ptext11 0160            __size_of_main 0056      __end_of_spi_receive 013C  
               _timer_on 016C                 _spi_init 00C7           ??_data_receuve 0076  
              putch@byte 0076               _INTCONbits 000B                 intlevel1 0000  
          ??i1_timer_off 0070                stringcode 009F              ??_uart_init 0076  
               printf@ap 0020              ??_timer_off 0076              ??_spi_reset 0070  
               stringdir 009F                 stringtab 009F              _spi_receive 0125  
